Last login: Thu Oct 31 15:46:46 on ttys002
-bash: export: `/Users/Venitas/perl5/perlbrew/etc/bashrc': not a valid identifier

The default interactive shell is now zsh.
To update your account to use zsh, please run `chsh -s /bin/zsh`.
For more details, please visit https://support.apple.com/kb/HT208050.
shanqikaideMacBook-Pro:~ Venitas$ cd Documents/04.Codespace/trending_crawler
shanqikaideMacBook-Pro:trending_crawler Venitas$ python3 nikkei_crawler.py
nikkei_crawler.py:39: DeprecationWarning: use driver.switch_to.window instead
  browser.switch_to_window(browser.window_handles[1])
1 done 0
2 done 0
3 done 0
4 done 0
5 done
6 done 0
7 table_insert error
8 done 0
9 done 0
10 done 0
11 done 0
12 done 0
13 done 0
14 done 0
15 done 0
16 done 0
17 done 0
18 done 0
19 done 0
20 done 0
21 done 0
22 done 0
23 done 0
24 done 0
25 done 0
26 done 0
27 done 0
28 done 0
29 done 0
30 done 0
31 done 0
32 done
33 done 0
34 done 0
35 done 0
36 done 0
37 done 0
38 done 0
39 done 0
40 done
41 done
42 done 0
43 done 0
44 done 0
45 done 0
46 done 0
47 done
48 done 0
49 done
50 done 0
51 done 0
52 done 0
53 done 0
54 done 0
55 done 0
56 done 0
57 done 0
58 done 0
59 done 0
60 done 0
61 done 0
62 done 0
63 done 0
Traceback (most recent call last):
  File "nikkei_crawler.py", line 217, in <module>
    browserflag = search(browser, keyword)
  File "nikkei_crawler.py", line 95, in search
    browser.find_element_by_xpath('//*[@id="contentsPanel"]/div[2]/form/div[2]/button').click()
  File "/Library/Frameworks/Python.framework/Versions/3.7/lib/python3.7/site-packages/selenium/webdriver/remote/webelement.py", line 80, in click
    self._execute(Command.CLICK_ELEMENT)
  File "/Library/Frameworks/Python.framework/Versions/3.7/lib/python3.7/site-packages/selenium/webdriver/remote/webelement.py", line 633, in _execute
    return self._parent.execute(command, params)
  File "/Library/Frameworks/Python.framework/Versions/3.7/lib/python3.7/site-packages/selenium/webdriver/remote/webdriver.py", line 321, in execute
    self.error_handler.check_response(response)
  File "/Library/Frameworks/Python.framework/Versions/3.7/lib/python3.7/site-packages/selenium/webdriver/remote/errorhandler.py", line 242, in check_response
    raise exception_class(message, screen, stacktrace)
selenium.common.exceptions.ElementNotInteractableException: Message: element not interactable
  (Session info: chrome=78.0.3904.70)

shanqikaideMacBook-Pro:trending_crawler Venitas$ python3 nikkei_crawler.py
nikkei_crawler.py:39: DeprecationWarning: use driver.switch_to.window instead
  browser.switch_to_window(browser.window_handles[1])
64 done 0
65 done 0
66 done 0
67 done 0
68 done 0
69 done 0
70 done 0
71 done 0
72 done 0
73 done
74 done 0
75 done 0
76 done 0
77 done 0
78 done 0
79 done 0
80 done 0
81 done 0
82 done
83 done 0
84 done 0
85 done 0
86 done 0
87 done 0
88 done 0
89 done 0
90 done 0
91 done
92 done 0
93 done 0
94 done 0
95 done 0
96 done
97 done
98 done 0
99 done 0
100 done 0
101 done 0
102 done 0
103 done 0
104 done 0
105 done
106 done 0
107 done 0
108 done 0
109 done
110 done 0
111 done
112 done
113 done
114 done
115 done 0
116 done 0
117 done 0
118 done 0
119 done 0
120 done 0
121 done
122 done 0
123 done 0
124 done 0
125 done 0
126 done 0
127 done
128 done 0
129 done 0
130 done 0
131 done 0
132 done 0
133 done 0
134 done 0
135 done 0
136 done 0
137 done 0
138 done 0
139 done 0
140 done 0
141 done 0
142 done 0
143 done 0
144 done 0
145 done 0
146 done 0
147 done 0
148 done
149 done 0
150 done 0
151 done 0
152 done 0
153 done 0
154 done 0
155 done 0
156 done 0
157 done 0
158 done 0
159 done 0
160 done 0
161 done 0
162 done 0
163 done 0
164 done
165 done 0
166 done 0
167 done 0
168 done 0
169 done 0
170 done 0
171 done 0
172 done
173 done 0
174 done 0
175 done
176 done 0
177 done 0
178 done 0
179 done 0
180 done 0
181 done
182 done
183 done 0
184 done 0
185 done 0
186 done 0
187 done 0
188 done 0
189 done 0
190 done 0
191 done 0
192 done 0
193 done 0
194 done
195 done 0
196 done 0
197 done 0
198 done 0
199 done
200 done 0
201 done 0
202 done 0
203 done 0
204 done 0
205 done 0
206 done 0
207 done 0
208 done 0
209 done 0
210 done 0
211 done 0
212 done
213 done 0
214 done 0
215 done 0
216 done 0
217 done 0
218 done
219 done 0
220 done 0
221 done 0
222 done 0
223 done 0
224 done 0
225 done 0
226 done 0
227 done 0
228 done 0
229 done 0
230 done 0
231 done 0
232 done 0
233 done 0
234 done 0
235 done 0
236 done 0
237 done 0
238 done 0
239 done 0
Traceback (most recent call last):
  File "nikkei_crawler.py", line 218, in <module>
    browserflag = search(browser, keyword)
  File "nikkei_crawler.py", line 96, in search
    browser.find_element_by_xpath('//*[@id="contentsPanel"]/div[2]/form/div[2]/button').click()
  File "/Library/Frameworks/Python.framework/Versions/3.7/lib/python3.7/site-packages/selenium/webdriver/remote/webelement.py", line 80, in click
    self._execute(Command.CLICK_ELEMENT)
  File "/Library/Frameworks/Python.framework/Versions/3.7/lib/python3.7/site-packages/selenium/webdriver/remote/webelement.py", line 633, in _execute
    return self._parent.execute(command, params)
  File "/Library/Frameworks/Python.framework/Versions/3.7/lib/python3.7/site-packages/selenium/webdriver/remote/webdriver.py", line 321, in execute
    self.error_handler.check_response(response)
  File "/Library/Frameworks/Python.framework/Versions/3.7/lib/python3.7/site-packages/selenium/webdriver/remote/errorhandler.py", line 242, in check_response
    raise exception_class(message, screen, stacktrace)
selenium.common.exceptions.ElementNotInteractableException: Message: element not interactable
  (Session info: chrome=78.0.3904.70)

shanqikaideMacBook-Pro:trending_crawler Venitas$ python3 nikkei_crawler.py
nikkei_crawler.py:39: DeprecationWarning: use driver.switch_to.window instead
  browser.switch_to_window(browser.window_handles[1])
240 done 0
241 table_insert error
242 done
243 done 0
244 done
245 done 0
246 done 0
247 done 0
248 done 0
249 done 0
250 done 0
251 done 0
252 done
253 done 0
254 done 0
255 done 0
256 done 0
257 done
258 done 0
259 done
260 done
261 done 0
262 done 0
263 done
264 done 0
265 done 0
266 done 0
267 done
268 done 0
269 done 0
270 done
271 done
272 done
273 done 0
274 done 0
275 done 0
276 done 0
277 done 0
278 done 0
279 done 0
280 done 0
281 done 0
282 done 0
283 done 0
284 done 0
285 done 0
286 done 0
287 done
288 done 0
289 done 0
290 done 0
291 done 0
292 done 0
293 done 0
294 done
295 done 0
296 done
297 done 0
298 done 0
299 done 0
300 done
301 done 0
302 done 0
303 done 0
304 done 0
305 done 0
306 done 0
307 done 0
308 done 0
309 done 0
310 done 0
311 done 0
312 done 0
313 done 0
314 done 0
315 done 0
316 done 0
317 done 0
318 done 0
319 done 0
320 done
321 done 0
322 done 0
323 done 0
324 done 0
325 done 0
326 done 0
327 done 0
328 done 0
329 done 0
330 done 0
331 done 0
332 done 0
333 done 0
334 done 0
335 done 0
336 done 0
337 done 0
338 done
339 done 0
340 done 0
341 done 0
342 done 0
343 done 0
344 done 0
345 done 0
346 done 0
Traceback (most recent call last):
  File "nikkei_crawler.py", line 218, in <module>
    browserflag = search(browser, keyword)
  File "nikkei_crawler.py", line 96, in search
    browser.find_element_by_xpath('//*[@id="contentsPanel"]/div[2]/form/div[2]/button').click()
  File "/Library/Frameworks/Python.framework/Versions/3.7/lib/python3.7/site-packages/selenium/webdriver/remote/webelement.py", line 80, in click
    self._execute(Command.CLICK_ELEMENT)
  File "/Library/Frameworks/Python.framework/Versions/3.7/lib/python3.7/site-packages/selenium/webdriver/remote/webelement.py", line 633, in _execute
    return self._parent.execute(command, params)
  File "/Library/Frameworks/Python.framework/Versions/3.7/lib/python3.7/site-packages/selenium/webdriver/remote/webdriver.py", line 321, in execute
    self.error_handler.check_response(response)
  File "/Library/Frameworks/Python.framework/Versions/3.7/lib/python3.7/site-packages/selenium/webdriver/remote/errorhandler.py", line 242, in check_response
    raise exception_class(message, screen, stacktrace)
selenium.common.exceptions.ElementClickInterceptedException: Message: element click intercepted: Element <button name="listUp" class="nk-pn-info-listup" disabled=""></button> is not clickable at point (678, 53). Other element would receive the click: <div class="nk-lock-screen" id="nkoverlay_prevent_doublesend" style="display: block; height: 100%;"></div>
  (Session info: chrome=78.0.3904.70)

shanqikaideMacBook-Pro:trending_crawler Venitas$ python3 nikkei_crawler.py
nikkei_crawler.py:39: DeprecationWarning: use driver.switch_to.window instead
  browser.switch_to_window(browser.window_handles[1])
347 done 0
348 done 0
349 done 0
350 done 0
351 done 0
352 done 0
353 done 0
354 done 0
355 done 0
356 done 0
357 done 0
358 done 0
359 done 0
360 done 0
361 done 0
362 done 0
363 done 0
364 done 0
365 done 0
366 done 0
367 done 0
368 done
369 done 0
370 done 0
371 done 0
372 done 0
373 done 0
374 done 0
375 done 0
376 done
377 done 0
378 done 0
379 done 0
380 done 0
381 done 0
382 done 0
383 done 0
384 done 0
385 done 0
386 done 0
387 done 0
388 done 0
389 done 0
390 done 0
391 done 0
392 done 0
393 done 0
Traceback (most recent call last):
  File "nikkei_crawler.py", line 218, in <module>
    browserflag = search(browser, keyword)
  File "nikkei_crawler.py", line 72, in search
    elem_inkw.send_keys(keyword[1].replace('#',''))
  File "/Library/Frameworks/Python.framework/Versions/3.7/lib/python3.7/site-packages/selenium/webdriver/remote/webelement.py", line 479, in send_keys
    'value': keys_to_typing(value)})
  File "/Library/Frameworks/Python.framework/Versions/3.7/lib/python3.7/site-packages/selenium/webdriver/remote/webelement.py", line 633, in _execute
    return self._parent.execute(command, params)
  File "/Library/Frameworks/Python.framework/Versions/3.7/lib/python3.7/site-packages/selenium/webdriver/remote/webdriver.py", line 321, in execute
    self.error_handler.check_response(response)
  File "/Library/Frameworks/Python.framework/Versions/3.7/lib/python3.7/site-packages/selenium/webdriver/remote/errorhandler.py", line 242, in check_response
    raise exception_class(message, screen, stacktrace)
selenium.common.exceptions.ElementNotInteractableException: Message: element not interactable
  (Session info: chrome=78.0.3904.70)

shanqikaideMacBook-Pro:trending_crawler Venitas$ python3 nikkei_crawler.py
nikkei_crawler.py:39: DeprecationWarning: use driver.switch_to.window instead
  browser.switch_to_window(browser.window_handles[1])
394 done 0
395 done 0
396 done 0
397 done 0
398 done 0
399 done 0
400 done 0
401 done 0
402 done 0
403 done 0
404 done 0
405 done 0
406 done 0
407 done 0
408 done 0
409 done 0
410 done 0
411 done 0
412 done 0
413 done 0
414 done 0
415 done 0
416 done 0
417 done 0
418 done
419 done 0
420 done 0
421 done 0
422 done 0
423 done
424 done 0
425 done 0
426 done 0
427 done 0
Traceback (most recent call last):
  File "nikkei_crawler.py", line 218, in <module>
    browserflag = search(browser, keyword)
  File "nikkei_crawler.py", line 72, in search
    elem_inkw.send_keys(keyword[1].replace('#',''))
  File "/Library/Frameworks/Python.framework/Versions/3.7/lib/python3.7/site-packages/selenium/webdriver/remote/webelement.py", line 479, in send_keys
    'value': keys_to_typing(value)})
  File "/Library/Frameworks/Python.framework/Versions/3.7/lib/python3.7/site-packages/selenium/webdriver/remote/webelement.py", line 633, in _execute
    return self._parent.execute(command, params)
  File "/Library/Frameworks/Python.framework/Versions/3.7/lib/python3.7/site-packages/selenium/webdriver/remote/webdriver.py", line 321, in execute
    self.error_handler.check_response(response)
  File "/Library/Frameworks/Python.framework/Versions/3.7/lib/python3.7/site-packages/selenium/webdriver/remote/errorhandler.py", line 242, in check_response
    raise exception_class(message, screen, stacktrace)
selenium.common.exceptions.ElementNotInteractableException: Message: element not interactable
  (Session info: chrome=78.0.3904.70)

shanqikaideMacBook-Pro:trending_crawler Venitas$ python3 nikkei_crawler.py
nikkei_crawler.py:39: DeprecationWarning: use driver.switch_to.window instead
  browser.switch_to_window(browser.window_handles[1])
428 done 0
429 done
430 done
431 done 0
432 done 0
433 done 0
434 done 0
435 done
436 done 0
437 done 0
438 done 0
439 done 0
440 done 0
441 done 0
442 done 0
443 done 0
444 done 0
445 done 0
446 done
447 done 0
448 done 0
449 done 0
450 done
451 done 0
452 done 0
453 done 0
454 done 0
455 done 0
456 done 0
457 done 0
458 done 0
459 done 0
460 done 0
461 done 0
462 done 0
463 done 0
464 done 0
465 done 0
466 done 0
467 done
468 done 0
469 done 0
470 done 0
471 done 0
472 done 0
473 done 0
474 done 0
475 done 0
476 done 0
477 done 0
478 done 0
479 done
480 done 0
481 done 0
482 done 0
483 done 0
484 done 0
485 done 0
486 done 0
487 done 0
488 done 0
489 done 0
490 done 0
491 done 0
492 done 0
493 done 0
494 done 0
495 done 0
496 done 0
497 done 0
498 done 0
499 done
500 done 0
501 done 0
502 done 0
503 done
504 done 0
505 done 0
506 done 0
507 done 0
508 done 0
509 done 0
510 done
511 done 0
512 done 0
513 done 0
514 done 0
515 done 0
516 done 0
517 done 0
518 done 0
519 done 0
520 done
521 done 0
522 done 0
523 done
524 done 0
525 done 0
526 done 0
527 done 0
528 done
529 done 0
Traceback (most recent call last):
  File "nikkei_crawler.py", line 219, in <module>
    browserflag = search(browser, keyword)
  File "nikkei_crawler.py", line 73, in search
    elem_inkw.send_keys(keyword[1].replace('#',''))
  File "/Library/Frameworks/Python.framework/Versions/3.7/lib/python3.7/site-packages/selenium/webdriver/remote/webelement.py", line 479, in send_keys
    'value': keys_to_typing(value)})
  File "/Library/Frameworks/Python.framework/Versions/3.7/lib/python3.7/site-packages/selenium/webdriver/remote/webelement.py", line 633, in _execute
    return self._parent.execute(command, params)
  File "/Library/Frameworks/Python.framework/Versions/3.7/lib/python3.7/site-packages/selenium/webdriver/remote/webdriver.py", line 321, in execute
    self.error_handler.check_response(response)
  File "/Library/Frameworks/Python.framework/Versions/3.7/lib/python3.7/site-packages/selenium/webdriver/remote/errorhandler.py", line 242, in check_response
    raise exception_class(message, screen, stacktrace)
selenium.common.exceptions.ElementNotInteractableException: Message: element not interactable
  (Session info: chrome=78.0.3904.70)

shanqikaideMacBook-Pro:trending_crawler Venitas$ python3 nikkei_crawler.py
nikkei_crawler.py:39: DeprecationWarning: use driver.switch_to.window instead
  browser.switch_to_window(browser.window_handles[1])
530 done 0
531 done 0
532 done 0
533 done 0
534 done
535 done 0
536 done 0
537 done 0
538 done 0
539 table_insert error
540 done 0
541 done 0
542 done 0
543 done 0
544 done 0
545 done 0
546 done 0
547 done 0
548 done 0
549 done 0
550 done
551 done 0
552 done
553 done 0
554 done 0
555 done 0
556 done
557 done 0
558 done 0
559 done 0
560 done 0
561 done 0
562 done 0
563 done 0
564 done 0
565 done 0
566 done 0
567 done 0
568 done 0
569 done 0
570 done 0
571 done 0
572 done
573 done 0
574 done
575 done 0
576 done 0
577 done 0
578 done
579 done 0
580 done 0
581 done 0
582 done 0
583 done 0
584 done 0
585 done 0
586 done 0
587 done 0
588 done 0
589 done
590 done 0
591 done 0
592 done 0
593 done
594 done 0
595 done 0
596 done 0
597 done 0
598 done 0
599 done 0
600 done
601 done
602 done 0
603 done 0
604 done 0
605 done 0
606 done 0
607 done 0
608 done 0
609 done 0
Traceback (most recent call last):
  File "nikkei_crawler.py", line 219, in <module>
    browserflag = search(browser, keyword)
  File "nikkei_crawler.py", line 73, in search
    elem_inkw.send_keys(keyword[1].replace('#',''))
  File "/Library/Frameworks/Python.framework/Versions/3.7/lib/python3.7/site-packages/selenium/webdriver/remote/webelement.py", line 479, in send_keys
    'value': keys_to_typing(value)})
  File "/Library/Frameworks/Python.framework/Versions/3.7/lib/python3.7/site-packages/selenium/webdriver/remote/webelement.py", line 633, in _execute
    return self._parent.execute(command, params)
  File "/Library/Frameworks/Python.framework/Versions/3.7/lib/python3.7/site-packages/selenium/webdriver/remote/webdriver.py", line 321, in execute
    self.error_handler.check_response(response)
  File "/Library/Frameworks/Python.framework/Versions/3.7/lib/python3.7/site-packages/selenium/webdriver/remote/errorhandler.py", line 242, in check_response
    raise exception_class(message, screen, stacktrace)
selenium.common.exceptions.ElementNotInteractableException: Message: element not interactable
  (Session info: chrome=78.0.3904.70)

shanqikaideMacBook-Pro:trending_crawler Venitas$ python3 nikkei_crawler.py
nikkei_crawler.py:39: DeprecationWarning: use driver.switch_to.window instead
  browser.switch_to_window(browser.window_handles[1])
610 done 0
611 done 0
612 done 0
613 done 0
614 done 0
615 done 0
616 done 0
617 done 0
618 done 0
619 done 0
620 done 0
621 done 0
622 done 0
623 done 0
624 done 0
625 done 0
626 done 0
627 done 0
628 done
629 done 0
630 done 0
631 done 0
632 done 0
633 done 0
634 done 0
635 done 0
Traceback (most recent call last):
  File "nikkei_crawler.py", line 219, in <module>
    browserflag = search(browser, keyword)
  File "nikkei_crawler.py", line 73, in search
    elem_inkw.send_keys(keyword[1].replace('#',''))
  File "/Library/Frameworks/Python.framework/Versions/3.7/lib/python3.7/site-packages/selenium/webdriver/remote/webelement.py", line 479, in send_keys
    'value': keys_to_typing(value)})
  File "/Library/Frameworks/Python.framework/Versions/3.7/lib/python3.7/site-packages/selenium/webdriver/remote/webelement.py", line 633, in _execute
    return self._parent.execute(command, params)
  File "/Library/Frameworks/Python.framework/Versions/3.7/lib/python3.7/site-packages/selenium/webdriver/remote/webdriver.py", line 321, in execute
    self.error_handler.check_response(response)
  File "/Library/Frameworks/Python.framework/Versions/3.7/lib/python3.7/site-packages/selenium/webdriver/remote/errorhandler.py", line 242, in check_response
    raise exception_class(message, screen, stacktrace)
selenium.common.exceptions.ElementNotInteractableException: Message: element not interactable
  (Session info: chrome=78.0.3904.70)

shanqikaideMacBook-Pro:trending_crawler Venitas$ python3 nikkei_crawler.py
nikkei_crawler.py:39: DeprecationWarning: use driver.switch_to.window instead
  browser.switch_to_window(browser.window_handles[1])
636 done 0
637 done 0
638 done 0
639 done 0
640 done 0
641 done 0
642 done 0
643 done 0
644 done 0
645 done 0
646 done 0
647 done 0
648 done 0
649 done 0
650 done 0
651 done 0
652 done 0
653 done 0
654 done 0
655 done 0
656 done 0
657 done 0
Traceback (most recent call last):
  File "nikkei_crawler.py", line 219, in <module>
    browserflag = search(browser, keyword)
  File "nikkei_crawler.py", line 73, in search
    elem_inkw.send_keys(keyword[1].replace('#',''))
  File "/Library/Frameworks/Python.framework/Versions/3.7/lib/python3.7/site-packages/selenium/webdriver/remote/webelement.py", line 479, in send_keys
    'value': keys_to_typing(value)})
  File "/Library/Frameworks/Python.framework/Versions/3.7/lib/python3.7/site-packages/selenium/webdriver/remote/webelement.py", line 633, in _execute
    return self._parent.execute(command, params)
  File "/Library/Frameworks/Python.framework/Versions/3.7/lib/python3.7/site-packages/selenium/webdriver/remote/webdriver.py", line 321, in execute
    self.error_handler.check_response(response)
  File "/Library/Frameworks/Python.framework/Versions/3.7/lib/python3.7/site-packages/selenium/webdriver/remote/errorhandler.py", line 242, in check_response
    raise exception_class(message, screen, stacktrace)
selenium.common.exceptions.ElementNotInteractableException: Message: element not interactable
  (Session info: chrome=78.0.3904.70)

shanqikaideMacBook-Pro:trending_crawler Venitas$ python3 nikkei_crawler.py
nikkei_crawler.py:39: DeprecationWarning: use driver.switch_to.window instead
  browser.switch_to_window(browser.window_handles[1])
658 done 0
659 done 0
660 done 0
661 done 0
662 table_insert error
663 done 0
664 done 0
665 done 0
666 done 0
667 done 0
668 done 0
669 done 0
670 done 0
671 done 0
672 done 0
673 done 0
674 done 0
675 done 0
676 done 0
677 done 0
678 done 0
Traceback (most recent call last):
  File "nikkei_crawler.py", line 219, in <module>
    browserflag = search(browser, keyword)
  File "nikkei_crawler.py", line 73, in search
    elem_inkw.send_keys(keyword[1].replace('#',''))
  File "/Library/Frameworks/Python.framework/Versions/3.7/lib/python3.7/site-packages/selenium/webdriver/remote/webelement.py", line 479, in send_keys
    'value': keys_to_typing(value)})
  File "/Library/Frameworks/Python.framework/Versions/3.7/lib/python3.7/site-packages/selenium/webdriver/remote/webelement.py", line 633, in _execute
    return self._parent.execute(command, params)
  File "/Library/Frameworks/Python.framework/Versions/3.7/lib/python3.7/site-packages/selenium/webdriver/remote/webdriver.py", line 321, in execute
    self.error_handler.check_response(response)
  File "/Library/Frameworks/Python.framework/Versions/3.7/lib/python3.7/site-packages/selenium/webdriver/remote/errorhandler.py", line 242, in check_response
    raise exception_class(message, screen, stacktrace)
selenium.common.exceptions.ElementNotInteractableException: Message: element not interactable
  (Session info: chrome=78.0.3904.70)

shanqikaideMacBook-Pro:trending_crawler Venitas$ python3 nikkei_crawler.py
nikkei_crawler.py:39: DeprecationWarning: use driver.switch_to.window instead
  browser.switch_to_window(browser.window_handles[1])
679 done 0
680 done 0
681 done
682 done 0
683 done 0
684 done 0
685 done 0
686 done 0
687 done 0
688 done 0
689 done
690 done
691 done 0
692 done 0
693 done 0
694 done
695 done 0
696 done 0
697 done
698 done
699 done 0
700 done
701 done
702 done
703 done 0
704 done 0
705 done 0
706 done 0
707 done 0
708 done 0
709 done 0
710 done 0
711 done 0
712 done 0
713 done 0
714 done 0
715 done
716 done 0
717 done 0
718 done 0
719 done 0
Traceback (most recent call last):
  File "nikkei_crawler.py", line 219, in <module>
    browserflag = search(browser, keyword)
  File "nikkei_crawler.py", line 73, in search
    elem_inkw.send_keys(keyword[1].replace('#',''))
  File "/Library/Frameworks/Python.framework/Versions/3.7/lib/python3.7/site-packages/selenium/webdriver/remote/webelement.py", line 479, in send_keys
    'value': keys_to_typing(value)})
  File "/Library/Frameworks/Python.framework/Versions/3.7/lib/python3.7/site-packages/selenium/webdriver/remote/webelement.py", line 633, in _execute
    return self._parent.execute(command, params)
  File "/Library/Frameworks/Python.framework/Versions/3.7/lib/python3.7/site-packages/selenium/webdriver/remote/webdriver.py", line 321, in execute
    self.error_handler.check_response(response)
  File "/Library/Frameworks/Python.framework/Versions/3.7/lib/python3.7/site-packages/selenium/webdriver/remote/errorhandler.py", line 242, in check_response
    raise exception_class(message, screen, stacktrace)
selenium.common.exceptions.ElementNotInteractableException: Message: element not interactable
  (Session info: chrome=78.0.3904.70)

shanqikaideMacBook-Pro:trending_crawler Venitas$ python3 nikkei_crawler.py
nikkei_crawler.py:39: DeprecationWarning: use driver.switch_to.window instead
  browser.switch_to_window(browser.window_handles[1])
720 done 0
721 done 0
722 done 0
723 done 0
724 done 0
725 done
726 done 0
727 table_insert error
728 done 0
729 done 0
730 done 0
731 done 0
732 done 0
733 done 0
734 done 0
735 done 0
736 done 0
737 done 0
738 done 0
739 done 0
740 done 0
741 done 0
742 done
743 done 0
744 done 0
745 done 0
746 done 0
747 done 0
748 done 0
749 done 0
750 done
751 done 0
752 done 0
753 done 0
754 done 0
755 done 0
756 done 0
757 done
758 done
759 done 0
760 done 0
761 done 0
762 done
Traceback (most recent call last):
  File "nikkei_crawler.py", line 219, in <module>
    browserflag = search(browser, keyword)
  File "nikkei_crawler.py", line 97, in search
    browser.find_element_by_xpath('//*[@id="contentsPanel"]/div[2]/form/div[2]/button').click()
  File "/Library/Frameworks/Python.framework/Versions/3.7/lib/python3.7/site-packages/selenium/webdriver/remote/webelement.py", line 80, in click
    self._execute(Command.CLICK_ELEMENT)
  File "/Library/Frameworks/Python.framework/Versions/3.7/lib/python3.7/site-packages/selenium/webdriver/remote/webelement.py", line 633, in _execute
    return self._parent.execute(command, params)
  File "/Library/Frameworks/Python.framework/Versions/3.7/lib/python3.7/site-packages/selenium/webdriver/remote/webdriver.py", line 321, in execute
    self.error_handler.check_response(response)
  File "/Library/Frameworks/Python.framework/Versions/3.7/lib/python3.7/site-packages/selenium/webdriver/remote/errorhandler.py", line 242, in check_response
    raise exception_class(message, screen, stacktrace)
selenium.common.exceptions.ElementNotInteractableException: Message: element not interactable
  (Session info: chrome=78.0.3904.70)

shanqikaideMacBook-Pro:trending_crawler Venitas$ python3 nikkei_crawler.py
nikkei_crawler.py:39: DeprecationWarning: use driver.switch_to.window instead
  browser.switch_to_window(browser.window_handles[1])
763 done 0
764 done 0
765 done
766 done 0
767 done
768 done 0
769 done 0
770 done
771 done 0
772 done 0
773 done 0
774 done
775 done 0
776 done 0
777 done 0
778 done
779 done 0
780 done 0
Traceback (most recent call last):
  File "nikkei_crawler.py", line 219, in <module>
    browserflag = search(browser, keyword)
  File "nikkei_crawler.py", line 73, in search
    elem_inkw.send_keys(keyword[1].replace('#',''))
  File "/Library/Frameworks/Python.framework/Versions/3.7/lib/python3.7/site-packages/selenium/webdriver/remote/webelement.py", line 479, in send_keys
    'value': keys_to_typing(value)})
  File "/Library/Frameworks/Python.framework/Versions/3.7/lib/python3.7/site-packages/selenium/webdriver/remote/webelement.py", line 633, in _execute
    return self._parent.execute(command, params)
  File "/Library/Frameworks/Python.framework/Versions/3.7/lib/python3.7/site-packages/selenium/webdriver/remote/webdriver.py", line 321, in execute
    self.error_handler.check_response(response)
  File "/Library/Frameworks/Python.framework/Versions/3.7/lib/python3.7/site-packages/selenium/webdriver/remote/errorhandler.py", line 242, in check_response
    raise exception_class(message, screen, stacktrace)
selenium.common.exceptions.ElementNotInteractableException: Message: element not interactable
  (Session info: chrome=78.0.3904.70)

shanqikaideMacBook-Pro:trending_crawler Venitas$ python3 nikkei_crawler.py
nikkei_crawler.py:39: DeprecationWarning: use driver.switch_to.window instead
  browser.switch_to_window(browser.window_handles[1])
781 done 0
782 done 0
783 done 0
784 done 0
785 done
786 done 0
787 done 0
788 done 0
789 done 0
790 done 0
791 done 0
792 done 0
793 done 0
794 done 0
795 done 0
796 done 0
797 done 0
798 done 0
799 done 0
800 done 0
801 done 0
802 done 0
803 done 0
804 done 0
805 done 0
806 done 0
807 done 0
808 done 0
809 done 0
810 done 0
811 done 0
812 done 0
813 done 0
814 done 0
815 done 0
816 done 0
817 done 0
818 done
819 done
820 done 0
821 done
822 done 0
823 done 0
824 done
825 done 0
826 done 0
827 done 0
828 done 0
829 done 0
830 done 0
831 done 0
832 done 0
833 done 0
834 done 0
835 done 0
Traceback (most recent call last):
  File "nikkei_crawler.py", line 219, in <module>
    browserflag = search(browser, keyword)
  File "nikkei_crawler.py", line 97, in search
    browser.find_element_by_xpath('//*[@id="contentsPanel"]/div[2]/form/div[2]/button').click()
  File "/Library/Frameworks/Python.framework/Versions/3.7/lib/python3.7/site-packages/selenium/webdriver/remote/webelement.py", line 80, in click
    self._execute(Command.CLICK_ELEMENT)
  File "/Library/Frameworks/Python.framework/Versions/3.7/lib/python3.7/site-packages/selenium/webdriver/remote/webelement.py", line 633, in _execute
    return self._parent.execute(command, params)
  File "/Library/Frameworks/Python.framework/Versions/3.7/lib/python3.7/site-packages/selenium/webdriver/remote/webdriver.py", line 321, in execute
    self.error_handler.check_response(response)
  File "/Library/Frameworks/Python.framework/Versions/3.7/lib/python3.7/site-packages/selenium/webdriver/remote/errorhandler.py", line 242, in check_response
    raise exception_class(message, screen, stacktrace)
selenium.common.exceptions.ElementClickInterceptedException: Message: element click intercepted: Element <button name="listUp" class="nk-pn-info-listup" disabled=""></button> is not clickable at point (678, 53). Other element would receive the click: <div class="nk-lock-screen" id="nkoverlay_prevent_doublesend" style="display: block; height: 100%;"></div>
  (Session info: chrome=78.0.3904.70)

shanqikaideMacBook-Pro:trending_crawler Venitas$ python3 nikkei_crawler.py
nikkei_crawler.py:39: DeprecationWarning: use driver.switch_to.window instead
  browser.switch_to_window(browser.window_handles[1])
836 done 0
837 done 0
838 done 0
839 done 0
840 done 0
841 done 0
842 done 0
843 done 0
844 done 0
845 done 0
846 done 0
847 done 0
848 done 0
849 done
850 done 0
851 done 0
852 done
853 done 0
854 done 0
855 done 0
856 done 0
857 done 0
858 done
859 done 0
860 done
861 done 0
862 done 0
863 done 0
864 done 0
865 done
866 done 0
867 done
868 done
869 done
870 done 0
871 done 0
872 done 0
873 done
874 done 0
875 done 0
876 done
877 done
878 done
879 done 0
880 done
881 done
Traceback (most recent call last):
  File "nikkei_crawler.py", line 219, in <module>
    browserflag = search(browser, keyword)
  File "nikkei_crawler.py", line 73, in search
    elem_inkw.send_keys(keyword[1].replace('#',''))
  File "/Library/Frameworks/Python.framework/Versions/3.7/lib/python3.7/site-packages/selenium/webdriver/remote/webelement.py", line 479, in send_keys
    'value': keys_to_typing(value)})
  File "/Library/Frameworks/Python.framework/Versions/3.7/lib/python3.7/site-packages/selenium/webdriver/remote/webelement.py", line 633, in _execute
    return self._parent.execute(command, params)
  File "/Library/Frameworks/Python.framework/Versions/3.7/lib/python3.7/site-packages/selenium/webdriver/remote/webdriver.py", line 321, in execute
    self.error_handler.check_response(response)
  File "/Library/Frameworks/Python.framework/Versions/3.7/lib/python3.7/site-packages/selenium/webdriver/remote/errorhandler.py", line 242, in check_response
    raise exception_class(message, screen, stacktrace)
selenium.common.exceptions.ElementNotInteractableException: Message: element not interactable
  (Session info: chrome=78.0.3904.70)

shanqikaideMacBook-Pro:trending_crawler Venitas$ python3 nikkei_crawler.py
nikkei_crawler.py:39: DeprecationWarning: use driver.switch_to.window instead
  browser.switch_to_window(browser.window_handles[1])
882 done 0
883 done 0
884 done 0
885 done
886 done
887 done
888 done
889 done
890 done 0
891 done
892 done
893 done 0
894 done 0
895 done 0
896 done
897 done
898 done 0
899 done
900 done 0
901 done 0
902 done
903 done 0
904 done
905 done 0
906 done 0
907 done 0
908 done 0
909 done 0
910 done 0
911 done 0
912 done
913 done
914 done 0
915 done 0
916 done 0
917 done
918 done
919 done 0
920 done 0
921 done 0
922 done 0
923 done 0
924 done 0
925 done 0
926 done
927 done
928 done 0
929 done 0
930 done 0
931 done 0
932 done 0
933 done 0
934 done 0
935 done 0
936 done 0
937 done
938 done
939 done 0
940 done 0
941 done 0
942 done 0
943 done
944 done 0
945 done 0
946 done 0
947 done 0
948 done 0
949 done 0
950 done 0
951 done 0
952 done
953 done 0
954 done 0
955 done 0
956 done 0
957 done 0
958 done 0
959 done 0
960 done 0
961 done 0
962 done 0
963 done 0
964 done 0
965 done
966 done 0
967 done 0
968 done 0
969 done 0
970 done 0
971 done 0
972 done 0
973 done 0
Traceback (most recent call last):
  File "nikkei_crawler.py", line 219, in <module>
    browserflag = search(browser, keyword)
  File "nikkei_crawler.py", line 73, in search
    elem_inkw.send_keys(keyword[1].replace('#',''))
  File "/Library/Frameworks/Python.framework/Versions/3.7/lib/python3.7/site-packages/selenium/webdriver/remote/webelement.py", line 479, in send_keys
    'value': keys_to_typing(value)})
  File "/Library/Frameworks/Python.framework/Versions/3.7/lib/python3.7/site-packages/selenium/webdriver/remote/webelement.py", line 633, in _execute
    return self._parent.execute(command, params)
  File "/Library/Frameworks/Python.framework/Versions/3.7/lib/python3.7/site-packages/selenium/webdriver/remote/webdriver.py", line 321, in execute
    self.error_handler.check_response(response)
  File "/Library/Frameworks/Python.framework/Versions/3.7/lib/python3.7/site-packages/selenium/webdriver/remote/errorhandler.py", line 242, in check_response
    raise exception_class(message, screen, stacktrace)
selenium.common.exceptions.ElementNotInteractableException: Message: element not interactable
  (Session info: chrome=78.0.3904.70)

shanqikaideMacBook-Pro:trending_crawler Venitas$ python3 nikkei_crawler.py
nikkei_crawler.py:39: DeprecationWarning: use driver.switch_to.window instead
  browser.switch_to_window(browser.window_handles[1])
974 done 0
975 done 0
976 done 0
977 done
978 done 0
979 done 0
980 done 0
981 done 0
982 done 0
983 done
984 done 0
985 done 0
986 done 0
987 done 0
988 done 0
989 done 0
990 done 0
991 done 0
992 done
993 done 0
994 done
995 done 0
996 done 0
997 done 0
998 done 0
999 done 0
1000 done 0
1001 done 0
1002 done 0
1003 done 0
1004 done 0
1005 done 0
1006 done 0
1007 done 0
1008 done 0
1009 done 0
1010 done 0
1011 done 0
1012 done 0
1013 done 0
1014 done 0
1015 done 0
1016 done 0
1017 done 0
1018 done 0
1019 done 0
1020 done 0
1021 done 0
1022 done 0
1023 done 0
Traceback (most recent call last):
  File "nikkei_crawler.py", line 219, in <module>
    browserflag = search(browser, keyword)
  File "nikkei_crawler.py", line 97, in search
    browser.find_element_by_xpath('//*[@id="contentsPanel"]/div[2]/form/div[2]/button').click()
  File "/Library/Frameworks/Python.framework/Versions/3.7/lib/python3.7/site-packages/selenium/webdriver/remote/webelement.py", line 80, in click
    self._execute(Command.CLICK_ELEMENT)
  File "/Library/Frameworks/Python.framework/Versions/3.7/lib/python3.7/site-packages/selenium/webdriver/remote/webelement.py", line 633, in _execute
    return self._parent.execute(command, params)
  File "/Library/Frameworks/Python.framework/Versions/3.7/lib/python3.7/site-packages/selenium/webdriver/remote/webdriver.py", line 321, in execute
    self.error_handler.check_response(response)
  File "/Library/Frameworks/Python.framework/Versions/3.7/lib/python3.7/site-packages/selenium/webdriver/remote/errorhandler.py", line 242, in check_response
    raise exception_class(message, screen, stacktrace)
selenium.common.exceptions.ElementNotInteractableException: Message: element not interactable
  (Session info: chrome=78.0.3904.70)

shanqikaideMacBook-Pro:trending_crawler Venitas$ python3 nikkei_crawler.py
nikkei_crawler.py:39: DeprecationWarning: use driver.switch_to.window instead
  browser.switch_to_window(browser.window_handles[1])
1024 done 0
1025 done 0
1026 done 0
1027 done 0
1028 done 0
1029 done 0
1030 done 0
1031 done 0
1032 done 0
1033 done 0
1034 done 0
1035 done 0
1036 done
1037 done 0
1038 done 0
1039 done 0
1040 done 0
1041 done 0
1042 done
1043 done
1044 done 0
1045 done 0
1046 done 0
1047 done
1048 done 0
1049 done 0
1050 done 0
1051 done 0
1052 done
1053 done 0
1054 done
1055 done 0
1056 done 0
1057 done 0
1058 done 0
1059 done 0
1060 done 0
1061 done
1062 done 0
1063 done 0
1064 done 0
1065 done
1066 done 0
1067 done 0
1068 done 0
1069 done 0
1070 done 0
1071 done 0
1072 done 0
1073 done
Traceback (most recent call last):
  File "nikkei_crawler.py", line 219, in <module>
    browserflag = search(browser, keyword)
  File "nikkei_crawler.py", line 73, in search
    elem_inkw.send_keys(keyword[1].replace('#',''))
  File "/Library/Frameworks/Python.framework/Versions/3.7/lib/python3.7/site-packages/selenium/webdriver/remote/webelement.py", line 479, in send_keys
    'value': keys_to_typing(value)})
  File "/Library/Frameworks/Python.framework/Versions/3.7/lib/python3.7/site-packages/selenium/webdriver/remote/webelement.py", line 633, in _execute
    return self._parent.execute(command, params)
  File "/Library/Frameworks/Python.framework/Versions/3.7/lib/python3.7/site-packages/selenium/webdriver/remote/webdriver.py", line 321, in execute
    self.error_handler.check_response(response)
  File "/Library/Frameworks/Python.framework/Versions/3.7/lib/python3.7/site-packages/selenium/webdriver/remote/errorhandler.py", line 242, in check_response
    raise exception_class(message, screen, stacktrace)
selenium.common.exceptions.ElementNotInteractableException: Message: element not interactable
  (Session info: chrome=78.0.3904.70)

shanqikaideMacBook-Pro:trending_crawler Venitas$ python3 nikkei_crawler.py
nikkei_crawler.py:39: DeprecationWarning: use driver.switch_to.window instead
  browser.switch_to_window(browser.window_handles[1])
1074 done 0
1075 done 0
1076 done 0
1077 done 0
1078 done 0
1079 done 0
1080 done 0
1081 done 0
1082 done
1083 done 0
1084 done 0
1085 done
1086 done 0
1087 done
1088 done 0
1089 done
1090 done 0
1091 done 0
1092 done 0
1093 done
1094 done 0
Traceback (most recent call last):
  File "nikkei_crawler.py", line 219, in <module>
    browserflag = search(browser, keyword)
  File "nikkei_crawler.py", line 73, in search
    elem_inkw.send_keys(keyword[1].replace('#',''))
  File "/Library/Frameworks/Python.framework/Versions/3.7/lib/python3.7/site-packages/selenium/webdriver/remote/webelement.py", line 479, in send_keys
    'value': keys_to_typing(value)})
  File "/Library/Frameworks/Python.framework/Versions/3.7/lib/python3.7/site-packages/selenium/webdriver/remote/webelement.py", line 633, in _execute
    return self._parent.execute(command, params)
  File "/Library/Frameworks/Python.framework/Versions/3.7/lib/python3.7/site-packages/selenium/webdriver/remote/webdriver.py", line 321, in execute
    self.error_handler.check_response(response)
  File "/Library/Frameworks/Python.framework/Versions/3.7/lib/python3.7/site-packages/selenium/webdriver/remote/errorhandler.py", line 242, in check_response
    raise exception_class(message, screen, stacktrace)
selenium.common.exceptions.ElementNotInteractableException: Message: element not interactable
  (Session info: chrome=78.0.3904.70)

shanqikaideMacBook-Pro:trending_crawler Venitas$ python3 nikkei_crawler.py
nikkei_crawler.py:39: DeprecationWarning: use driver.switch_to.window instead
  browser.switch_to_window(browser.window_handles[1])
1095 done 0
1096 done 0
1097 done 0
1098 done 0
1099 done 0
1100 done 0
1101 done
1102 done 0
1103 done 0
1104 done 0
1105 done 0
1106 done 0
1107 done
1108 done 0
1109 done 0
1110 done 0
1111 done
1112 done 0
1113 done 0
1114 done 0
1115 done
1116 done 0
1117 done 0
1118 done 0
1119 done 0
1120 done 0
1121 done 0
1122 done
1123 done 0
1124 done 0
1125 done 0
1126 done 0
1127 done 0
1128 done 0
1129 done 0
1130 done 0
1131 done 0
1132 done 0
1133 done 0
1134 done 0
1135 done 0
1136 done 0
1137 done 0
1138 done 0
1139 done 0
1140 done 0
1141 done 0
1142 done 0
1143 done
1144 done
1145 done 0
1146 done 0
1147 done 0
1148 done 0
1149 done 0
1150 done 0
1151 done 0
1152 done 0
1153 done
1154 done 0
1155 done 0
1156 done
1157 done 0
1158 done 0
1159 done 0
1160 done 0
1161 done 0
1162 done 0
1163 done 0
1164 done 0
1165 done 0
1166 done 0
1167 done 0
1168 done 0
1169 done 0
1170 done
1171 done
1172 done 0
1173 done 0
1174 done 0
1175 done 0
1176 done 0
1177 done 0
1178 done
1179 done
1180 done
1181 done
1182 done 0
1183 done
1184 done 0
1185 done 0
1186 done 0
1187 done 0
1188 done
1189 done 0
1190 done 0
1191 done 0
1192 done 0
1193 done 0
1194 done
1195 done 0
1196 done 0
1197 done
1198 done 0
1199 done 0
1200 done
1201 done 0
1202 done 0
1203 done
1204 done 0
1205 done
1206 done
1207 done
1208 done 0
1209 done
1210 done 0
1211 done 0
1212 done 0
1213 done 0
1214 done 0
1215 done 0
1216 done
1217 done 0
1218 done 0
Traceback (most recent call last):
  File "nikkei_crawler.py", line 219, in <module>
    browserflag = search(browser, keyword)
  File "nikkei_crawler.py", line 73, in search
    elem_inkw.send_keys(keyword[1].replace('#',''))
  File "/Library/Frameworks/Python.framework/Versions/3.7/lib/python3.7/site-packages/selenium/webdriver/remote/webelement.py", line 479, in send_keys
    'value': keys_to_typing(value)})
  File "/Library/Frameworks/Python.framework/Versions/3.7/lib/python3.7/site-packages/selenium/webdriver/remote/webelement.py", line 633, in _execute
    return self._parent.execute(command, params)
  File "/Library/Frameworks/Python.framework/Versions/3.7/lib/python3.7/site-packages/selenium/webdriver/remote/webdriver.py", line 321, in execute
    self.error_handler.check_response(response)
  File "/Library/Frameworks/Python.framework/Versions/3.7/lib/python3.7/site-packages/selenium/webdriver/remote/errorhandler.py", line 242, in check_response
    raise exception_class(message, screen, stacktrace)
selenium.common.exceptions.ElementNotInteractableException: Message: element not interactable
  (Session info: chrome=78.0.3904.70)

shanqikaideMacBook-Pro:trending_crawler Venitas$ python3 nikkei_crawler.py
nikkei_crawler.py:39: DeprecationWarning: use driver.switch_to.window instead
  browser.switch_to_window(browser.window_handles[1])
1219 done 0
1220 done 0
1221 done 0
1222 done 0
1223 done 0
1224 done 0
1225 done 0
1226 done 0
1227 done 0
1228 done
1229 done 0
1230 done
1231 done 0
1232 done
1233 done 0
1234 done 0
1235 done 0
1236 done 0
1237 done 0
1238 done 0
1239 done 0
1240 done 0
1241 done 0
1242 done 0
1243 done
1244 done 0
1245 done
1246 done 0
1247 done 0
1248 done 0
1249 done 0
1250 done 0
1251 done
1252 done 0
1253 done 0
1254 done 0
1255 done 0
1256 done 0
1257 done 0
1258 done 0
1259 done 0
1260 done 0
1261 done 0
1262 done 0
1263 done 0
1264 done 0
1265 done 0
1266 done
1267 done 0
1268 done 0
1269 done 0
1270 done 0
1271 done 0
1272 done 0
1273 done
1274 done
1275 done 0
1276 done 0
1277 done 0
1278 done 0
1279 done 0
1280 done 0
1281 done 0
1282 done 0
1283 done 0
1284 done 0
1285 done 0
1286 done
1287 done
1288 done 0
1289 done
1290 done 0
1291 done 0
1292 done 0
1293 done 0
1294 done 0
1295 done 0
1296 done 0
1297 done 0
1298 done 0
1299 done 0
1300 done 0
1301 done 0
1302 done 0
1303 done 0
1304 done 0
1305 done 0
1306 done 0
1307 done 0
1308 done 0
1309 done 0
1310 done 0
1311 done 0
1312 done 0
1313 done
1314 done 0
1315 done 0
1316 done 0
1317 done 0
1318 done 0
1319 done 0
1320 done 0
1321 done 0
1322 done 0
1323 done 0
1324 done 0
1325 done 0
1326 done 0
1327 done 0
1328 done 0
1329 done
Traceback (most recent call last):
  File "nikkei_crawler.py", line 219, in <module>
    browserflag = search(browser, keyword)
  File "nikkei_crawler.py", line 97, in search
    browser.find_element_by_xpath('//*[@id="contentsPanel"]/div[2]/form/div[2]/button').click()
  File "/Library/Frameworks/Python.framework/Versions/3.7/lib/python3.7/site-packages/selenium/webdriver/remote/webelement.py", line 80, in click
    self._execute(Command.CLICK_ELEMENT)
  File "/Library/Frameworks/Python.framework/Versions/3.7/lib/python3.7/site-packages/selenium/webdriver/remote/webelement.py", line 633, in _execute
    return self._parent.execute(command, params)
  File "/Library/Frameworks/Python.framework/Versions/3.7/lib/python3.7/site-packages/selenium/webdriver/remote/webdriver.py", line 321, in execute
    self.error_handler.check_response(response)
  File "/Library/Frameworks/Python.framework/Versions/3.7/lib/python3.7/site-packages/selenium/webdriver/remote/errorhandler.py", line 242, in check_response
    raise exception_class(message, screen, stacktrace)
selenium.common.exceptions.ElementNotInteractableException: Message: element not interactable
  (Session info: chrome=78.0.3904.70)

shanqikaideMacBook-Pro:trending_crawler Venitas$ python3 nikkei_crawler.py
nikkei_crawler.py:39: DeprecationWarning: use driver.switch_to.window instead
  browser.switch_to_window(browser.window_handles[1])
1330 done
1331 done 0
1332 done 0
1333 done 0
1334 done 0
1335 done 0
1336 done 0
1337 done 0
1338 done 0
1339 done 0
1340 done 0
1341 done
1342 done 0
1343 done 0
1344 done 0
1345 done 0
1346 done 0
1347 done 0
1348 done 0
1349 done 0
1350 done
1351 done 0
1352 done 0
1353 done 0
1354 done 0
1355 done 0
1356 done 0
1357 done 0
1358 done 0
1359 done 0
1360 done
1361 done 0
1362 done 0
1363 done 0
1364 done 0
1365 done 0
1366 done
1367 done 0
1368 done
1369 done 0
1370 done 0
1371 done
1372 done 0
1373 done 0
1374 done 0
1375 done
1376 done 0
1377 done 0
1378 done 0
1379 done 0
1380 done 0
1381 done 0
1382 done 0
1383 done 0
1384 done 0
1385 done 0
1386 done 0
1387 done 0
1388 done 0
1389 done 0
1390 done 0
1391 done 0
1392 done 0
1393 done 0
1394 done 0
1395 done
1396 done 0
1397 done 0
1398 done 0
1399 done 0
1400 done 0
1401 done 0
1402 done 0
1403 done 0
1404 table_insert error
1405 done 0
1406 done 0
1407 done 0
Traceback (most recent call last):
  File "nikkei_crawler.py", line 219, in <module>
    browserflag = search(browser, keyword)
  File "nikkei_crawler.py", line 73, in search
    elem_inkw.send_keys(keyword[1].replace('#',''))
  File "/Library/Frameworks/Python.framework/Versions/3.7/lib/python3.7/site-packages/selenium/webdriver/remote/webelement.py", line 479, in send_keys
    'value': keys_to_typing(value)})
  File "/Library/Frameworks/Python.framework/Versions/3.7/lib/python3.7/site-packages/selenium/webdriver/remote/webelement.py", line 633, in _execute
    return self._parent.execute(command, params)
  File "/Library/Frameworks/Python.framework/Versions/3.7/lib/python3.7/site-packages/selenium/webdriver/remote/webdriver.py", line 321, in execute
    self.error_handler.check_response(response)
  File "/Library/Frameworks/Python.framework/Versions/3.7/lib/python3.7/site-packages/selenium/webdriver/remote/errorhandler.py", line 242, in check_response
    raise exception_class(message, screen, stacktrace)
selenium.common.exceptions.ElementNotInteractableException: Message: element not interactable
  (Session info: chrome=78.0.3904.70)

shanqikaideMacBook-Pro:trending_crawler Venitas$ 
shanqikaideMacBook-Pro:trending_crawler Venitas$ python3 nikkei_crawler.py
nikkei_crawler.py:39: DeprecationWarning: use driver.switch_to.window instead
  browser.switch_to_window(browser.window_handles[1])
1408 done 0
1409 done 0
1410 done 0
1411 done 0
1412 done 0
1413 done
1414 done 0
1415 done 0
1416 done 0
1417 done
1418 done 0
1419 done 0
1420 done 0
1421 done 0
1422 done 0
1423 done 0
1424 done 0
1425 done 0
1426 done 0
1427 done 0
1428 done 0
1429 done
1430 done 0
1431 done 0
1432 done 0
1433 done 0
1434 done 0
1435 done 0
1436 done 0
Traceback (most recent call last):
  File "nikkei_crawler.py", line 219, in <module>
    browserflag = search(browser, keyword)
  File "nikkei_crawler.py", line 97, in search
    browser.find_element_by_xpath('//*[@id="contentsPanel"]/div[2]/form/div[2]/button').click()
  File "/Library/Frameworks/Python.framework/Versions/3.7/lib/python3.7/site-packages/selenium/webdriver/remote/webelement.py", line 80, in click
    self._execute(Command.CLICK_ELEMENT)
  File "/Library/Frameworks/Python.framework/Versions/3.7/lib/python3.7/site-packages/selenium/webdriver/remote/webelement.py", line 633, in _execute
    return self._parent.execute(command, params)
  File "/Library/Frameworks/Python.framework/Versions/3.7/lib/python3.7/site-packages/selenium/webdriver/remote/webdriver.py", line 321, in execute
    self.error_handler.check_response(response)
  File "/Library/Frameworks/Python.framework/Versions/3.7/lib/python3.7/site-packages/selenium/webdriver/remote/errorhandler.py", line 242, in check_response
    raise exception_class(message, screen, stacktrace)
selenium.common.exceptions.ElementClickInterceptedException: Message: element click intercepted: Element <button name="listUp" class="nk-pn-info-listup nk-pn-info-listup-active"></button> is not clickable at point (678, 53). Other element would receive the click: <div class="nk-lock-screen" id="nkoverlay_prevent_doublesend" style="display: block; height: 100%;"></div>
  (Session info: chrome=78.0.3904.70)

shanqikaideMacBook-Pro:trending_crawler Venitas$ python3 nikkei_crawler.py
nikkei_crawler.py:39: DeprecationWarning: use driver.switch_to.window instead
  browser.switch_to_window(browser.window_handles[1])
1437 table_insert error
1438 done 0
1439 done 0
1440 done 0
1441 done 0
1442 done 0
1443 done
1444 done 0
1445 done 0
1446 done 0
1447 done 0
1448 done 0
1449 done 0
1450 done 0
1451 done 0
1452 done 0
1453 done 0
1454 done 0
1455 done 0
1456 done 0
1457 done 0
1458 done 0
1459 done 0
1460 done 0
1461 done
1462 done 0
1463 done 0
1464 done 0
1465 done 0
1466 done 0
1467 done 0
1468 done 0
1469 done 0
1470 done
1471 done 0
1472 done 0
1473 done 0
1474 done 0
1475 done 0
1476 done
1477 done 0
1478 done 0
1479 done
1480 done
1481 done 0
1482 done
1483 done 0
1484 done 0
1485 done 0
1486 done 0
1487 done
1488 done 0
1489 done 0
1490 done
1491 done 0
1492 done 0
1493 done 0
1494 done 0
1495 done 0
1496 done 0
1497 done
1498 done 0
1499 done 0
1500 done 0
1501 done
1502 done
1503 done 0
1504 done 0
1505 done 0
Traceback (most recent call last):
  File "nikkei_crawler.py", line 219, in <module>
    browserflag = search(browser, keyword)
  File "nikkei_crawler.py", line 73, in search
    elem_inkw.send_keys(keyword[1].replace('#',''))
  File "/Library/Frameworks/Python.framework/Versions/3.7/lib/python3.7/site-packages/selenium/webdriver/remote/webelement.py", line 479, in send_keys
    'value': keys_to_typing(value)})
  File "/Library/Frameworks/Python.framework/Versions/3.7/lib/python3.7/site-packages/selenium/webdriver/remote/webelement.py", line 633, in _execute
    return self._parent.execute(command, params)
  File "/Library/Frameworks/Python.framework/Versions/3.7/lib/python3.7/site-packages/selenium/webdriver/remote/webdriver.py", line 321, in execute
    self.error_handler.check_response(response)
  File "/Library/Frameworks/Python.framework/Versions/3.7/lib/python3.7/site-packages/selenium/webdriver/remote/errorhandler.py", line 242, in check_response
    raise exception_class(message, screen, stacktrace)
selenium.common.exceptions.ElementNotInteractableException: Message: element not interactable
  (Session info: chrome=78.0.3904.70)

shanqikaideMacBook-Pro:trending_crawler Venitas$ python3 nikkei_crawler.py
nikkei_crawler.py:39: DeprecationWarning: use driver.switch_to.window instead
  browser.switch_to_window(browser.window_handles[1])
1506 done 0
1507 done 0
1508 done 0
1509 done 0
1510 done 0
1511 done 0
1512 done
1513 done 0
1514 done 0
1515 done 0
1516 done 0
1517 done
1518 done 0
1519 done 0
1520 done 0
1521 done 0
1522 done 0
1523 done 0
1524 done 0
1525 done 0
1526 done 0
1527 done
1528 done 0
1529 done 0
1530 done 0
1531 done 0
1532 done 0
1533 done 0
1534 done 0
1535 done 0
1536 done
1537 done 0
1538 done 0
1539 done 0
1540 done 0
1541 done 0
1542 done 0
1543 done 0
1544 done 0
1545 done
1546 done 0
1547 done 0
1548 done 0
1549 done 0
1550 done 0
1551 done 0
1552 done 0
1553 done 0
1554 done 0
Traceback (most recent call last):
  File "nikkei_crawler.py", line 219, in <module>
    browserflag = search(browser, keyword)
  File "nikkei_crawler.py", line 73, in search
    elem_inkw.send_keys(keyword[1].replace('#',''))
  File "/Library/Frameworks/Python.framework/Versions/3.7/lib/python3.7/site-packages/selenium/webdriver/remote/webelement.py", line 479, in send_keys
    'value': keys_to_typing(value)})
  File "/Library/Frameworks/Python.framework/Versions/3.7/lib/python3.7/site-packages/selenium/webdriver/remote/webelement.py", line 633, in _execute
    return self._parent.execute(command, params)
  File "/Library/Frameworks/Python.framework/Versions/3.7/lib/python3.7/site-packages/selenium/webdriver/remote/webdriver.py", line 321, in execute
    self.error_handler.check_response(response)
  File "/Library/Frameworks/Python.framework/Versions/3.7/lib/python3.7/site-packages/selenium/webdriver/remote/errorhandler.py", line 242, in check_response
    raise exception_class(message, screen, stacktrace)
selenium.common.exceptions.ElementNotInteractableException: Message: element not interactable
  (Session info: chrome=78.0.3904.70)

shanqikaideMacBook-Pro:trending_crawler Venitas$ python3 nikkei_crawler.py
nikkei_crawler.py:39: DeprecationWarning: use driver.switch_to.window instead
  browser.switch_to_window(browser.window_handles[1])
1555 done 0
1556 done 0
1557 done 0
1558 done 0
1559 done 0
1560 done 0
1561 done 0
1562 done 0
1563 done 0
1564 done 0
1565 done 0
1566 done 0
1567 done 0
1568 done 0
1569 done 0
1570 done 0
1571 done
1572 done 0
1573 done 0
1574 done 0
1575 done 0
1576 done 0
1577 done 0
1578 done 0
1579 done 0
1580 done 0
1581 done 0
1582 done 0
1583 done
1584 done 0
1585 done 0
1586 done 0
1587 done 0
1588 done 0
1589 done 0
1590 done 0
1591 done 0
1592 done
1593 done 0
1594 done 0
1595 done 0
1596 done 0
1597 done 0
1598 done 0
1599 done 0
1600 done 0
1601 done 0
1602 done 0
1603 done 0
1604 done 0
1605 done 0
1606 done 0
1607 done 0
1608 done 0
1609 done 0
1610 done 0
1611 done 0
1612 done 0
1613 done 0
1614 done 0
1615 done 0
1616 done 0
1617 done 0
1618 done 0
1619 done 0
1620 done 0
1621 done
1622 done 0
Traceback (most recent call last):
  File "nikkei_crawler.py", line 219, in <module>
    browserflag = search(browser, keyword)
  File "nikkei_crawler.py", line 97, in search
    browser.find_element_by_xpath('//*[@id="contentsPanel"]/div[2]/form/div[2]/button').click()
  File "/Library/Frameworks/Python.framework/Versions/3.7/lib/python3.7/site-packages/selenium/webdriver/remote/webelement.py", line 80, in click
    self._execute(Command.CLICK_ELEMENT)
  File "/Library/Frameworks/Python.framework/Versions/3.7/lib/python3.7/site-packages/selenium/webdriver/remote/webelement.py", line 633, in _execute
    return self._parent.execute(command, params)
  File "/Library/Frameworks/Python.framework/Versions/3.7/lib/python3.7/site-packages/selenium/webdriver/remote/webdriver.py", line 321, in execute
    self.error_handler.check_response(response)
  File "/Library/Frameworks/Python.framework/Versions/3.7/lib/python3.7/site-packages/selenium/webdriver/remote/errorhandler.py", line 242, in check_response
    raise exception_class(message, screen, stacktrace)
selenium.common.exceptions.ElementClickInterceptedException: Message: element click intercepted: Element <button name="listUp" class="nk-pn-info-listup" disabled=""></button> is not clickable at point (678, 53). Other element would receive the click: <div class="nk-lock-screen" id="nkoverlay_prevent_doublesend" style="display: block; height: 100%;"></div>
  (Session info: chrome=78.0.3904.70)

shanqikaideMacBook-Pro:trending_crawler Venitas$ python3 nikkei_crawler.py
nikkei_crawler.py:39: DeprecationWarning: use driver.switch_to.window instead
  browser.switch_to_window(browser.window_handles[1])
1623 done 0
1624 done 0
1625 done 0
1626 done 0
1627 done 0
1628 done 0
1629 done 0
1630 done 0
1631 done 0
1632 done 0
1633 done 0
1634 done 0
1635 done 0
1636 done 0
1637 done 0
1638 done 0
1639 done 0
1640 done 0
1641 done 0
1642 done
1643 done 0
1644 done 0
1645 done 0
1646 done
1647 done 0
1648 done
1649 done 0
1650 done 0
1651 done 0
1652 done 0
1653 done 0
1654 done 0
1655 done 0
1656 done 0
1657 done 0
1658 done 0
1659 done 0
1660 done 0
1661 done 0
1662 done 0
1663 done 0
1664 done 0
1665 done
1666 done 0
1667 done 0
1668 done 0
1669 done 0
1670 done 0
1671 done 0
1672 done 0
1673 done 0
1674 done 0
1675 done 0
1676 done 0
1677 done 0
1678 done 0
1679 done
1680 done
1681 done 0
1682 done
1683 done 0
1684 done 0
1685 done
1686 done 0
1687 done 0
1688 done 0
1689 done 0
1690 done 0
1691 done 0
1692 done 0
1693 done 0
1694 done 0
1695 done 0
1696 done 0
1697 done
1698 done 0
1699 done 0
1700 done 0
1701 done 0
1702 done 0
1703 done 0
1704 done 0
1705 done 0
1706 done 0
1707 done 0
1708 done 0
1709 done 0
1710 done 0
1711 done 0
1712 done 0
1713 done 0
1714 done 0
1715 done 0
1716 done
1717 done 0
1718 done 0
1719 done 0
1720 done 0
1721 done 0
1722 done 0
1723 done 0
1724 done 0
1725 done 0
1726 done 0
1727 done 0
1728 done 0
1729 done 0
1730 done
1731 done 0
1732 done 0
1733 done 0
1734 done 0
1735 done 0
1736 done 0
1737 done 0
1738 done 0
1739 done 0
1740 done 0
1741 done 0
1742 done 0
1743 done 0
1744 done 0
1745 done 0
1746 done 0
1747 done 0
1748 done 0
1749 done
1750 done
1751 done
1752 done 0
1753 done 0
1754 done 0
1755 done 0
1756 done 0
1757 done 0
1758 done 0
1759 done 0
1760 done 0
1761 done 0
1762 done 0
1763 done 0
1764 done 0
1765 done 0
1766 done 0
1767 done 0
1768 done 0
1769 done 0
1770 done 0
1771 done
1772 done 0
1773 done 0
1774 done 0
1775 done 0
1776 done 0
1777 done 0
1778 table_insert error
1779 done
1780 done 0
1781 done
1782 done 0
1783 done 0
1784 done 0
1785 done 0
1786 done 0
1787 done 0
1788 done 0
1789 done 0
1790 done 0
1791 done 0
1792 done 0
1793 done 0
1794 done 0
1795 done 0
1796 done 0
1797 done 0
1798 done 0
1799 done 0
1800 done 0
1801 done 0
1802 done 0
1803 done 0
1804 done 0
1805 done 0
1806 done 0
1807 done 0
1808 done 0
1809 done 0
1810 done 0
1811 done 0
1812 done 0
1813 done 0
1814 done 0
1815 done
1816 done
1817 done
1818 done 0
1819 done 0
1820 done 0
1821 done 0
1822 done 0
1823 done
1824 done 0
1825 done 0
1826 done 0
1827 done 0
1828 done 0
1829 done 0
1830 done 0
1831 done
1832 done 0
1833 done
1834 done 0
1835 done 0
1836 done 0
1837 done 0
1838 done 0
1839 done 0
1840 done 0
1841 done 0
1842 done
1843 done 0
1844 done 0
1845 done 0
1846 done
1847 done 0
1848 done 0
1849 done 0
1850 done 0
1851 done 0
1852 done
1853 done 0
Traceback (most recent call last):
  File "nikkei_crawler.py", line 219, in <module>
    browserflag = search(browser, keyword)
  File "nikkei_crawler.py", line 97, in search
    browser.find_element_by_xpath('//*[@id="contentsPanel"]/div[2]/form/div[2]/button').click()
  File "/Library/Frameworks/Python.framework/Versions/3.7/lib/python3.7/site-packages/selenium/webdriver/remote/webelement.py", line 80, in click
    self._execute(Command.CLICK_ELEMENT)
  File "/Library/Frameworks/Python.framework/Versions/3.7/lib/python3.7/site-packages/selenium/webdriver/remote/webelement.py", line 633, in _execute
    return self._parent.execute(command, params)
  File "/Library/Frameworks/Python.framework/Versions/3.7/lib/python3.7/site-packages/selenium/webdriver/remote/webdriver.py", line 321, in execute
    self.error_handler.check_response(response)
  File "/Library/Frameworks/Python.framework/Versions/3.7/lib/python3.7/site-packages/selenium/webdriver/remote/errorhandler.py", line 242, in check_response
    raise exception_class(message, screen, stacktrace)
selenium.common.exceptions.ElementNotInteractableException: Message: element not interactable
  (Session info: chrome=78.0.3904.70)

shanqikaideMacBook-Pro:trending_crawler Venitas$ python3 nikkei_crawler.py
nikkei_crawler.py:39: DeprecationWarning: use driver.switch_to.window instead
  browser.switch_to_window(browser.window_handles[1])
1854 done
1855 done 0
1856 done
1857 done 0
1858 done 0
1859 done 0
1860 done 0
1861 done 0
1862 done
1863 done
1864 done 0
1865 done
1866 done 0
1867 done
1868 done 0
1869 done 0
1870 done 0
1871 done 0
1872 done 0
1873 done 0
1874 done 0
1875 done 0
1876 done 0
1877 done 0
1878 done 0
1879 done 0
1880 done 0
1881 done 0
1882 done 0
1883 done 0
1884 done 0
1885 done 0
1886 done 0
1887 done
1888 done 0
1889 done 0
1890 done 0
1891 done
1892 done 0
1893 done 0
1894 done 0
1895 done 0
1896 done 0
1897 done 0
1898 done 0
1899 done 0
1900 done 0
1901 done 0
1902 done 0
1903 done 0
1904 done 0
1905 done 0
1906 done 0
1907 done 0
1908 done 0
1909 done 0
1910 done 0
1911 done 0
1912 done 0
1913 done 0
1914 done 0
1915 done 0
1916 done 0
1917 done 0
1918 done 0
1919 done 0
1920 done 0
1921 done 0
1922 done 0
1923 done 0
1924 done 0
1925 done 0
1926 done 0
1927 done 0
1928 done 0
1929 done 0
1930 done 0
1931 done 0
1932 done 0
1933 done 0
1934 done 0
1935 done 0
1936 done 0
1937 done 0
1938 done 0
1939 done 0
1940 done
1941 done 0
1942 done 0
1943 done 0
1944 done 0
1945 done 0
1946 done 0
1947 done 0
1948 done 0
1949 done 0
1950 done
1951 done 0
1952 done 0
1953 done 0
1954 done 0
1955 done 0
1956 done 0
1957 done 0
1958 done 0
1959 done 0
1960 done 0
1961 done 0
1962 done 0
1963 done 0
1964 done 0
1965 done 0
1966 done
1967 done 0
1968 done 0
1969 done 0
1970 done
1971 done 0
1972 done 0
1973 done 0
1974 done 0
1975 done 0
1976 done
1977 done 0
1978 done 0
1979 done 0
1980 done 0
1981 done 0
1982 done 0
1983 done
1984 done 0
1985 done 0
1986 done 0
1987 done 0
1988 done 0
1989 done 0
1990 done 0
1991 done
1992 done
1993 done 0
1994 done 0
1995 done 0
1996 done 0
1997 done 0
1998 done 0
1999 done 0
2000 done
2001 done 0
2002 done 0
2003 done 0
2004 done 0
2005 done 0
2006 done 0
2007 done 0
2008 done 0
2009 done 0
2010 done 0
2011 done 0
2012 done 0
2013 done 0
2014 done 0
2015 done
2016 done 0
2017 done 0
2018 done 0
2019 done 0
2020 done 0
2021 done 0
2022 done 0
2023 done 0
2024 done 0
2025 done 0
2026 done 0
2027 done 0
2028 done 0
2029 done 0
2030 done 0
2031 done 0
2032 done 0
2033 done 0
2034 done
2035 done 0
2036 done 0
2037 done 0
2038 done 0
2039 done 0
2040 done 0
2041 done 0
2042 done 0
2043 done 0
2044 done 0
2045 done
2046 done 0
2047 done 0
2048 done 0
2049 done 0
2050 done 0
2051 done 0
2052 done 0
2053 done 0
2054 done 0
2055 done 0
2056 done 0
Traceback (most recent call last):
  File "nikkei_crawler.py", line 219, in <module>
    browserflag = search(browser, keyword)
  File "nikkei_crawler.py", line 73, in search
    elem_inkw.send_keys(keyword[1].replace('#',''))
  File "/Library/Frameworks/Python.framework/Versions/3.7/lib/python3.7/site-packages/selenium/webdriver/remote/webelement.py", line 479, in send_keys
    'value': keys_to_typing(value)})
  File "/Library/Frameworks/Python.framework/Versions/3.7/lib/python3.7/site-packages/selenium/webdriver/remote/webelement.py", line 633, in _execute
    return self._parent.execute(command, params)
  File "/Library/Frameworks/Python.framework/Versions/3.7/lib/python3.7/site-packages/selenium/webdriver/remote/webdriver.py", line 321, in execute
    self.error_handler.check_response(response)
  File "/Library/Frameworks/Python.framework/Versions/3.7/lib/python3.7/site-packages/selenium/webdriver/remote/errorhandler.py", line 242, in check_response
    raise exception_class(message, screen, stacktrace)
selenium.common.exceptions.ElementNotInteractableException: Message: element not interactable
  (Session info: chrome=78.0.3904.70)

shanqikaideMacBook-Pro:trending_crawler Venitas$ python3 nikkei_crawler.py
nikkei_crawler.py:39: DeprecationWarning: use driver.switch_to.window instead
  browser.switch_to_window(browser.window_handles[1])
2057 done
2058 done 0
2059 done 0
2060 done
2061 done 0
2062 done 0
2063 done 0
2064 done 0
2065 done 0
2066 done 0
2067 done 0
2068 done 0
2069 done 0
2070 done 0
2071 done 0
2072 done 0
2073 done 0
2074 done 0
2075 done 0
2076 done 0
2077 done 0
2078 done 0
2079 done 0
2080 done 0
2081 done 0
2082 done 0
2083 done 0
2084 done 0
2085 done 0
2086 done 0
2087 done 0
2088 done 0
2089 done 0
2090 done 0
2091 done 0
2092 done 0
2093 done 0
2094 done 0
2095 done 0
2096 done 0
2097 done 0
2098 done 0
2099 done 0
2100 done 0
2101 done 0
2102 done 0
2103 done 0
2104 done 0
2105 done 0
2106 done 0
2107 done 0
2108 done 0
2109 done 0
2110 done 0
2111 done 0
2112 done 0
2113 done 0
2114 done 0
2115 done 0
2116 done 0
Traceback (most recent call last):
  File "nikkei_crawler.py", line 219, in <module>
    browserflag = search(browser, keyword)
  File "nikkei_crawler.py", line 97, in search
    browser.find_element_by_xpath('//*[@id="contentsPanel"]/div[2]/form/div[2]/button').click()
  File "/Library/Frameworks/Python.framework/Versions/3.7/lib/python3.7/site-packages/selenium/webdriver/remote/webelement.py", line 80, in click
    self._execute(Command.CLICK_ELEMENT)
  File "/Library/Frameworks/Python.framework/Versions/3.7/lib/python3.7/site-packages/selenium/webdriver/remote/webelement.py", line 633, in _execute
    return self._parent.execute(command, params)
  File "/Library/Frameworks/Python.framework/Versions/3.7/lib/python3.7/site-packages/selenium/webdriver/remote/webdriver.py", line 321, in execute
    self.error_handler.check_response(response)
  File "/Library/Frameworks/Python.framework/Versions/3.7/lib/python3.7/site-packages/selenium/webdriver/remote/errorhandler.py", line 242, in check_response
    raise exception_class(message, screen, stacktrace)
selenium.common.exceptions.ElementClickInterceptedException: Message: element click intercepted: Element <button name="listUp" class="nk-pn-info-listup" disabled=""></button> is not clickable at point (678, 53). Other element would receive the click: <div class="nk-lock-screen" id="nkoverlay_prevent_doublesend" style="display: block; height: 100%;"></div>
  (Session info: chrome=78.0.3904.70)

shanqikaideMacBook-Pro:trending_crawler Venitas$ python3 nikkei_crawler.py
nikkei_crawler.py:39: DeprecationWarning: use driver.switch_to.window instead
  browser.switch_to_window(browser.window_handles[1])
2117 done 0
2118 done 0
2119 done 0
2120 done
2121 done
2122 done 0
2123 done 0
2124 done 0
2125 done 0
2126 done 0
2127 done 0
2128 done 0
2129 done
2130 done
2131 done
2132 done
2133 done
2134 done 0
2135 done 0
2136 done 0
2137 done 0
2138 done
2139 done 0
2140 done 0
2141 done
2142 done 0
2143 done 0
2144 done 0
2145 done 0
2146 done 0
2147 done 0
2148 done 0
2149 done 0
2150 done 0
2151 done 0
2152 done 0
2153 done 0
2154 done 0
2155 done 0
2156 done 0
2157 done 0
Traceback (most recent call last):
  File "nikkei_crawler.py", line 219, in <module>
    browserflag = search(browser, keyword)
  File "nikkei_crawler.py", line 73, in search
    elem_inkw.send_keys(keyword[1].replace('#',''))
  File "/Library/Frameworks/Python.framework/Versions/3.7/lib/python3.7/site-packages/selenium/webdriver/remote/webelement.py", line 479, in send_keys
    'value': keys_to_typing(value)})
  File "/Library/Frameworks/Python.framework/Versions/3.7/lib/python3.7/site-packages/selenium/webdriver/remote/webelement.py", line 633, in _execute
    return self._parent.execute(command, params)
  File "/Library/Frameworks/Python.framework/Versions/3.7/lib/python3.7/site-packages/selenium/webdriver/remote/webdriver.py", line 321, in execute
    self.error_handler.check_response(response)
  File "/Library/Frameworks/Python.framework/Versions/3.7/lib/python3.7/site-packages/selenium/webdriver/remote/errorhandler.py", line 242, in check_response
    raise exception_class(message, screen, stacktrace)
selenium.common.exceptions.ElementNotInteractableException: Message: element not interactable
  (Session info: chrome=78.0.3904.70)

shanqikaideMacBook-Pro:trending_crawler Venitas$ python3 nikkei_crawler.py
nikkei_crawler.py:39: DeprecationWarning: use driver.switch_to.window instead
  browser.switch_to_window(browser.window_handles[1])
2158 done 0
2159 done 0
2160 done 0
2161 done 0
2162 done 0
2163 done 0
2164 done 0
2165 done 0
2166 done 0
2167 done 0
2168 done 0
2169 done 0
2170 done 0
2171 done 0
2172 done 0
2173 done 0
2174 done 0
2175 done 0
2176 done 0
2177 done 0
2178 done 0
2179 done 0
2180 done
2181 done 0
2182 done 0
2183 done
2184 done 0
2185 done 0
2186 done 0
2187 done 0
2188 done
2189 done 0
2190 done 0
2191 done
2192 done 0
2193 done 0
2194 done 0
2195 done 0
2196 done
2197 done 0
2198 done 0
2199 done
2200 done 0
2201 done 0
2202 done 0
2203 done
2204 done 0
2205 done 0
2206 done
2207 done 0
2208 done 0
2209 done 0
2210 done 0
2211 done 0
2212 done 0
2213 done 0
2214 done
2215 done
2216 done 0
2217 done 0
2218 done 0
2219 done 0
2220 done 0
2221 done 0
2222 done 0
2223 done 0
2224 done 0
2225 done 0
2226 done 0
2227 done 0
2228 done
2229 done 0
2230 done 0
2231 done 0
2232 done 0
2233 done 0
2234 done 0
2235 done 0
2236 done 0
2237 done 0
2238 done 0
2239 done 0
2240 done 0
2241 done 0
2242 done 0
2243 table_insert error
2244 done 0
2245 done 0
2246 done 0
2247 done 0
2248 done 0
2249 done 0
2250 done 0
2251 done 0
2252 done 0
2253 done
2254 done
2255 done 0
2256 done 0
2257 done 0
2258 done 0
2259 done
2260 done
2261 done 0
2262 done
2263 done 0
2264 done 0
2265 done 0
2266 done 0
2267 done 0
2268 done
2269 done 0
2270 done 0
2271 done 0
2272 done 0
2273 done 0
2274 done 0
2275 done 0
2276 done
2277 done 0
2278 done 0
2279 done 0
2280 done 0
2281 done 0
2282 done 0
2283 done
2284 done
2285 done 0
2286 done 0
2287 done 0
2288 done 0
2289 done
2290 done 0
2291 done 0
2292 done
2293 done 0
2294 done 0
2295 done
2296 done 0
2297 done 0
2298 done 0
2299 done 0
2300 done 0
2301 done 0
2302 done 0
2303 done
2304 done 0
2305 done 0
2306 done
2307 done 0
2308 done 0
2309 done 0
2310 done
2311 done 0
2312 done
2313 done 0
2314 done 0
2315 done 0
2316 done 0
2317 done 0
2318 done 0
2319 done 0
2320 done 0
2321 done 0
2322 done 0
2323 done 0
2324 done 0
2325 done 0
2326 done 0
2327 done 0
2328 done 0
2329 done 0
2330 done 0
2331 done 0
2332 done 0
2333 done 0
2334 done 0
2335 done 0
2336 done
2337 done 0
2338 done 0
2339 done
2340 done 0
2341 done 0
2342 done 0
2343 done 0
2344 done 0
2345 done 0
2346 done 0
2347 done
2348 done 0
2349 done 0
2350 done 0
2351 done 0
2352 done
2353 done 0
2354 done 0
2355 done 0
2356 done 0
2357 done 0
2358 done 0
2359 done 0
2360 done 0
2361 done 0
2362 done 0
2363 done 0
2364 done 0
2365 done 0
2366 done 0
2367 done 0
2368 done
2369 done 0
2370 done 0
2371 done 0
2372 done 0
2373 done 0
2374 done 0
2375 done 0
2376 done 0
2377 done 0
2378 done 0
2379 done 0
2380 done 0
2381 done
2382 done 0
2383 done 0
2384 done 0
2385 done 0
Traceback (most recent call last):
  File "nikkei_crawler.py", line 219, in <module>
    browserflag = search(browser, keyword)
  File "nikkei_crawler.py", line 73, in search
    elem_inkw.send_keys(keyword[1].replace('#',''))
  File "/Library/Frameworks/Python.framework/Versions/3.7/lib/python3.7/site-packages/selenium/webdriver/remote/webelement.py", line 479, in send_keys
    'value': keys_to_typing(value)})
  File "/Library/Frameworks/Python.framework/Versions/3.7/lib/python3.7/site-packages/selenium/webdriver/remote/webelement.py", line 633, in _execute
    return self._parent.execute(command, params)
  File "/Library/Frameworks/Python.framework/Versions/3.7/lib/python3.7/site-packages/selenium/webdriver/remote/webdriver.py", line 321, in execute
    self.error_handler.check_response(response)
  File "/Library/Frameworks/Python.framework/Versions/3.7/lib/python3.7/site-packages/selenium/webdriver/remote/errorhandler.py", line 242, in check_response
    raise exception_class(message, screen, stacktrace)
selenium.common.exceptions.ElementNotInteractableException: Message: element not interactable
  (Session info: chrome=78.0.3904.70)

shanqikaideMacBook-Pro:trending_crawler Venitas$ python3 nikkei_crawler.py
nikkei_crawler.py:39: DeprecationWarning: use driver.switch_to.window instead
  browser.switch_to_window(browser.window_handles[1])
2386 done 0
2387 done 0
2388 done 0
2389 done 0
2390 done 0
2391 done 0
2392 done 0
2393 done
2394 done 0
2395 done 0
2396 done 0
2397 done 0
2398 done 0
2399 done 0
2400 done
2401 done
2402 done 0
2403 done 0
2404 done 0
2405 done 0
2406 done 0
2407 done
2408 done 0
2409 done 0
2410 done 0
2411 done 0
2412 done 0
2413 done 0
2414 done
2415 done 0
2416 done 0
2417 done
2418 done 0
2419 done 0
2420 done 0
2421 done 0
2422 done 0
2423 done 0
2424 done 0
2425 done 0
2426 done 0
2427 done 0
2428 done 0
2429 done 0
2430 done 0
2431 done 0
2432 done
2433 done 0
2434 done 0
2435 done 0
2436 done 0
2437 done 0
2438 done 0
2439 done 0
2440 done
2441 done 0
2442 done 0
2443 done 0
2444 done 0
2445 done
2446 done 0
2447 done 0
2448 done 0
2449 done 0
2450 done 0
2451 done 0
2452 done
2453 done 0
2454 done 0
2455 done
2456 done 0
2457 done 0
2458 done
2459 done 0
2460 done 0
2461 done 0
2462 done 0
2463 done 0
2464 done 0
2465 done
2466 done 0
2467 done 0
2468 done 0
2469 done 0
2470 done 0
2471 done 0
2472 done 0
2473 done 0
2474 done 0
2475 done 0
2476 done 0
2477 done 0
2478 done 0
Traceback (most recent call last):
  File "nikkei_crawler.py", line 219, in <module>
    browserflag = search(browser, keyword)
  File "nikkei_crawler.py", line 73, in search
    elem_inkw.send_keys(keyword[1].replace('#',''))
  File "/Library/Frameworks/Python.framework/Versions/3.7/lib/python3.7/site-packages/selenium/webdriver/remote/webelement.py", line 479, in send_keys
    'value': keys_to_typing(value)})
  File "/Library/Frameworks/Python.framework/Versions/3.7/lib/python3.7/site-packages/selenium/webdriver/remote/webelement.py", line 633, in _execute
    return self._parent.execute(command, params)
  File "/Library/Frameworks/Python.framework/Versions/3.7/lib/python3.7/site-packages/selenium/webdriver/remote/webdriver.py", line 321, in execute
    self.error_handler.check_response(response)
  File "/Library/Frameworks/Python.framework/Versions/3.7/lib/python3.7/site-packages/selenium/webdriver/remote/errorhandler.py", line 242, in check_response
    raise exception_class(message, screen, stacktrace)
selenium.common.exceptions.ElementNotInteractableException: Message: element not interactable
  (Session info: chrome=78.0.3904.70)

shanqikaideMacBook-Pro:trending_crawler Venitas$ python3 nikkei_crawler.py
nikkei_crawler.py:39: DeprecationWarning: use driver.switch_to.window instead
  browser.switch_to_window(browser.window_handles[1])
2479 done 0
2480 done 0
2481 done 0
2482 done 0
2483 done 0
2484 done 0
2485 done 0
2486 done 0
2487 done 0
2488 done 0
2489 done 0
2490 done 0
2491 done 0
2492 done
2493 done 0
2494 done 0
2495 done 0
2496 done 0
2497 done 0
2498 done 0
2499 done 0
2500 done 0
2501 done 0
2502 done 0
2503 done 0
2504 done
2505 done 0
2506 done 0
2507 done 0
2508 done 0
2509 done 0
2510 done 0
2511 done 0
2512 done
2513 done 0
2514 done 0
2515 done 0
2516 done 0
2517 done
2518 done 0
2519 done 0
2520 done
2521 done
2522 done 0
2523 done
2524 done 0
2525 done 0
2526 done 0
2527 done 0
2528 done
2529 done 0
2530 done 0
2531 done
2532 done 0
2533 done 0
2534 done 0
2535 done 0
Traceback (most recent call last):
  File "nikkei_crawler.py", line 219, in <module>
    browserflag = search(browser, keyword)
  File "nikkei_crawler.py", line 97, in search
    browser.find_element_by_xpath('//*[@id="contentsPanel"]/div[2]/form/div[2]/button').click()
  File "/Library/Frameworks/Python.framework/Versions/3.7/lib/python3.7/site-packages/selenium/webdriver/remote/webelement.py", line 80, in click
    self._execute(Command.CLICK_ELEMENT)
  File "/Library/Frameworks/Python.framework/Versions/3.7/lib/python3.7/site-packages/selenium/webdriver/remote/webelement.py", line 633, in _execute
    return self._parent.execute(command, params)
  File "/Library/Frameworks/Python.framework/Versions/3.7/lib/python3.7/site-packages/selenium/webdriver/remote/webdriver.py", line 321, in execute
    self.error_handler.check_response(response)
  File "/Library/Frameworks/Python.framework/Versions/3.7/lib/python3.7/site-packages/selenium/webdriver/remote/errorhandler.py", line 242, in check_response
    raise exception_class(message, screen, stacktrace)
selenium.common.exceptions.ElementClickInterceptedException: Message: element click intercepted: Element <button name="listUp" class="nk-pn-info-listup" disabled=""></button> is not clickable at point (678, 53). Other element would receive the click: <div class="nk-lock-screen" id="nkoverlay_prevent_doublesend" style="display: block; height: 100%;"></div>
  (Session info: chrome=78.0.3904.70)

shanqikaideMacBook-Pro:trending_crawler Venitas$ python3 nikkei_crawler.py
nikkei_crawler.py:39: DeprecationWarning: use driver.switch_to.window instead
  browser.switch_to_window(browser.window_handles[1])
2536 done 0
2537 done 0
2538 done 0
2539 done 0
2540 done 0
2541 done
2542 done 0
Traceback (most recent call last):
  File "nikkei_crawler.py", line 219, in <module>
    browserflag = search(browser, keyword)
  File "nikkei_crawler.py", line 97, in search
    browser.find_element_by_xpath('//*[@id="contentsPanel"]/div[2]/form/div[2]/button').click()
  File "/Library/Frameworks/Python.framework/Versions/3.7/lib/python3.7/site-packages/selenium/webdriver/remote/webelement.py", line 80, in click
    self._execute(Command.CLICK_ELEMENT)
  File "/Library/Frameworks/Python.framework/Versions/3.7/lib/python3.7/site-packages/selenium/webdriver/remote/webelement.py", line 633, in _execute
    return self._parent.execute(command, params)
  File "/Library/Frameworks/Python.framework/Versions/3.7/lib/python3.7/site-packages/selenium/webdriver/remote/webdriver.py", line 321, in execute
    self.error_handler.check_response(response)
  File "/Library/Frameworks/Python.framework/Versions/3.7/lib/python3.7/site-packages/selenium/webdriver/remote/errorhandler.py", line 242, in check_response
    raise exception_class(message, screen, stacktrace)
selenium.common.exceptions.ElementClickInterceptedException: Message: element click intercepted: Element <button name="listUp" class="nk-pn-info-listup" disabled=""></button> is not clickable at point (678, 53). Other element would receive the click: <div class="nk-lock-screen" id="nkoverlay_prevent_doublesend" style="display: block; height: 100%;"></div>
  (Session info: chrome=78.0.3904.70)

shanqikaideMacBook-Pro:trending_crawler Venitas$ python3 nikkei_crawler.py
nikkei_crawler.py:39: DeprecationWarning: use driver.switch_to.window instead
  browser.switch_to_window(browser.window_handles[1])
2543 done 0
2544 done 0
2545 done 0
2546 done 0
2547 done 0
2548 done 0
2549 done 0
2550 done 0
2551 done 0
2552 done 0
2553 done 0
2554 done
2555 done
2556 done
Traceback (most recent call last):
  File "nikkei_crawler.py", line 219, in <module>
    browserflag = search(browser, keyword)
  File "nikkei_crawler.py", line 97, in search
    browser.find_element_by_xpath('//*[@id="contentsPanel"]/div[2]/form/div[2]/button').click()
  File "/Library/Frameworks/Python.framework/Versions/3.7/lib/python3.7/site-packages/selenium/webdriver/remote/webelement.py", line 80, in click
    self._execute(Command.CLICK_ELEMENT)
  File "/Library/Frameworks/Python.framework/Versions/3.7/lib/python3.7/site-packages/selenium/webdriver/remote/webelement.py", line 633, in _execute
    return self._parent.execute(command, params)
  File "/Library/Frameworks/Python.framework/Versions/3.7/lib/python3.7/site-packages/selenium/webdriver/remote/webdriver.py", line 321, in execute
    self.error_handler.check_response(response)
  File "/Library/Frameworks/Python.framework/Versions/3.7/lib/python3.7/site-packages/selenium/webdriver/remote/errorhandler.py", line 242, in check_response
    raise exception_class(message, screen, stacktrace)
selenium.common.exceptions.ElementClickInterceptedException: Message: element click intercepted: Element <button name="listUp" class="nk-pn-info-listup" disabled=""></button> is not clickable at point (678, 53). Other element would receive the click: <div class="nk-lock-screen" id="nkoverlay_prevent_doublesend" style="display: block; height: 100%;"></div>
  (Session info: chrome=78.0.3904.70)

shanqikaideMacBook-Pro:trending_crawler Venitas$ python3 nikkei_crawler.py
nikkei_crawler.py:39: DeprecationWarning: use driver.switch_to.window instead
  browser.switch_to_window(browser.window_handles[1])
2557 done 0
2558 done
2559 done 0
2560 done 0
2561 done 0
2562 done 0
2563 done 0
2564 done 0
2565 done 0
2566 done
2567 done 0
2568 done 0
2569 done
2570 done 0
2571 done 0
2572 done 0
2573 done 0
2574 done 0
2575 done 0
2576 done 0
2577 done
2578 done 0
2579 done 0
2580 done 0
2581 done 0
2582 done
2583 done
2584 done
2585 done 0
2586 done
2587 done
2588 done 0
2589 done 0
2590 done 0
2591 done 0
2592 done 0
2593 done 0
2594 done
2595 done 0
2596 done 0
2597 done 0
2598 done 0
2599 done 0
2600 done 0
2601 done 0
2602 done 0
2603 done 0
2604 done 0
2605 done 0
2606 done
2607 done 0
2608 done 0
2609 done
2610 done
2611 done
2612 done 0
2613 done 0
2614 done 0
2615 done
2616 done 0
2617 done 0
2618 done 0
2619 done 0
2620 done 0
2621 done 0
2622 done 0
Traceback (most recent call last):
  File "nikkei_crawler.py", line 219, in <module>
    browserflag = search(browser, keyword)
  File "nikkei_crawler.py", line 97, in search
    browser.find_element_by_xpath('//*[@id="contentsPanel"]/div[2]/form/div[2]/button').click()
  File "/Library/Frameworks/Python.framework/Versions/3.7/lib/python3.7/site-packages/selenium/webdriver/remote/webelement.py", line 80, in click
    self._execute(Command.CLICK_ELEMENT)
  File "/Library/Frameworks/Python.framework/Versions/3.7/lib/python3.7/site-packages/selenium/webdriver/remote/webelement.py", line 633, in _execute
    return self._parent.execute(command, params)
  File "/Library/Frameworks/Python.framework/Versions/3.7/lib/python3.7/site-packages/selenium/webdriver/remote/webdriver.py", line 321, in execute
    self.error_handler.check_response(response)
  File "/Library/Frameworks/Python.framework/Versions/3.7/lib/python3.7/site-packages/selenium/webdriver/remote/errorhandler.py", line 242, in check_response
    raise exception_class(message, screen, stacktrace)
selenium.common.exceptions.ElementClickInterceptedException: Message: element click intercepted: Element <button name="listUp" class="nk-pn-info-listup nk-pn-info-listup-active"></button> is not clickable at point (678, 53). Other element would receive the click: <div class="nk-lock-screen" id="nkoverlay_prevent_doublesend" style="display: block; height: 100%;"></div>
  (Session info: chrome=78.0.3904.70)

shanqikaideMacBook-Pro:trending_crawler Venitas$ python3 nikkei_crawler.py
nikkei_crawler.py:39: DeprecationWarning: use driver.switch_to.window instead
  browser.switch_to_window(browser.window_handles[1])
2623 done
2624 done 0
2625 done 0
2626 done
2627 done 0
2628 done 0
2629 done 0
2630 done 0
2631 done 0
2632 done 0
Traceback (most recent call last):
  File "nikkei_crawler.py", line 219, in <module>
    browserflag = search(browser, keyword)
  File "nikkei_crawler.py", line 97, in search
    browser.find_element_by_xpath('//*[@id="contentsPanel"]/div[2]/form/div[2]/button').click()
  File "/Library/Frameworks/Python.framework/Versions/3.7/lib/python3.7/site-packages/selenium/webdriver/remote/webelement.py", line 80, in click
    self._execute(Command.CLICK_ELEMENT)
  File "/Library/Frameworks/Python.framework/Versions/3.7/lib/python3.7/site-packages/selenium/webdriver/remote/webelement.py", line 633, in _execute
    return self._parent.execute(command, params)
  File "/Library/Frameworks/Python.framework/Versions/3.7/lib/python3.7/site-packages/selenium/webdriver/remote/webdriver.py", line 321, in execute
    self.error_handler.check_response(response)
  File "/Library/Frameworks/Python.framework/Versions/3.7/lib/python3.7/site-packages/selenium/webdriver/remote/errorhandler.py", line 242, in check_response
    raise exception_class(message, screen, stacktrace)
selenium.common.exceptions.ElementClickInterceptedException: Message: element click intercepted: Element <button name="listUp" class="nk-pn-info-listup" disabled=""></button> is not clickable at point (678, 53). Other element would receive the click: <div class="nk-lock-screen" id="nkoverlay_prevent_doublesend" style="display: block; height: 100%;"></div>
  (Session info: chrome=78.0.3904.70)

shanqikaideMacBook-Pro:trending_crawler Venitas$ python3 nikkei_crawler.py
nikkei_crawler.py:39: DeprecationWarning: use driver.switch_to.window instead
  browser.switch_to_window(browser.window_handles[1])
2633 done 0
2634 done 0
2635 done
2636 done 0
2637 done 0
2638 done 0
2639 done 0
2640 done 0
2641 done 0
2642 done 0
2643 done 0
2644 done 0
2645 done 0
2646 done 0
2647 done 0
2648 done 0
2649 done 0
2650 done 0
2651 done
2652 done 0
2653 done 0
2654 done 0
2655 done 0
Traceback (most recent call last):
  File "nikkei_crawler.py", line 219, in <module>
    browserflag = search(browser, keyword)
  File "nikkei_crawler.py", line 73, in search
    elem_inkw.send_keys(keyword[1].replace('#',''))
  File "/Library/Frameworks/Python.framework/Versions/3.7/lib/python3.7/site-packages/selenium/webdriver/remote/webelement.py", line 479, in send_keys
    'value': keys_to_typing(value)})
  File "/Library/Frameworks/Python.framework/Versions/3.7/lib/python3.7/site-packages/selenium/webdriver/remote/webelement.py", line 633, in _execute
    return self._parent.execute(command, params)
  File "/Library/Frameworks/Python.framework/Versions/3.7/lib/python3.7/site-packages/selenium/webdriver/remote/webdriver.py", line 321, in execute
    self.error_handler.check_response(response)
  File "/Library/Frameworks/Python.framework/Versions/3.7/lib/python3.7/site-packages/selenium/webdriver/remote/errorhandler.py", line 242, in check_response
    raise exception_class(message, screen, stacktrace)
selenium.common.exceptions.ElementNotInteractableException: Message: element not interactable
  (Session info: chrome=78.0.3904.70)

shanqikaideMacBook-Pro:trending_crawler Venitas$ python3 nikkei_crawler.py
nikkei_crawler.py:39: DeprecationWarning: use driver.switch_to.window instead
  browser.switch_to_window(browser.window_handles[1])
2656 done 0
2657 done 0
2658 done 0
2659 done 0
2660 done 0
2661 done 0
2662 done 0
2663 done 0
2664 done 0
2665 done 0
2666 done 0
2667 done 0
2668 done 0
2669 done 0
2670 done 0
2671 done 0
2672 done 0
2673 done 0
2674 done 0
2675 done 0
2676 done
2677 done 0
2678 done 0
Traceback (most recent call last):
  File "nikkei_crawler.py", line 219, in <module>
    browserflag = search(browser, keyword)
  File "nikkei_crawler.py", line 73, in search
    elem_inkw.send_keys(keyword[1].replace('#',''))
  File "/Library/Frameworks/Python.framework/Versions/3.7/lib/python3.7/site-packages/selenium/webdriver/remote/webelement.py", line 479, in send_keys
    'value': keys_to_typing(value)})
  File "/Library/Frameworks/Python.framework/Versions/3.7/lib/python3.7/site-packages/selenium/webdriver/remote/webelement.py", line 633, in _execute
    return self._parent.execute(command, params)
  File "/Library/Frameworks/Python.framework/Versions/3.7/lib/python3.7/site-packages/selenium/webdriver/remote/webdriver.py", line 321, in execute
    self.error_handler.check_response(response)
  File "/Library/Frameworks/Python.framework/Versions/3.7/lib/python3.7/site-packages/selenium/webdriver/remote/errorhandler.py", line 242, in check_response
    raise exception_class(message, screen, stacktrace)
selenium.common.exceptions.ElementNotInteractableException: Message: element not interactable
  (Session info: chrome=78.0.3904.70)

shanqikaideMacBook-Pro:trending_crawler Venitas$ python3 nikkei_crawler.py
nikkei_crawler.py:39: DeprecationWarning: use driver.switch_to.window instead
  browser.switch_to_window(browser.window_handles[1])
2679 done 0
2680 done 0
2681 done 0
2682 done 0
2683 done 0
2684 done 0
2685 done 0
2686 done 0
2687 done 0
2688 done 0
2689 done 0
2690 done 0
2691 done 0
2692 done 0
2693 done 0
2694 done 0
2695 done 0
2696 done 0
2697 done 0
2698 done 0
2699 done 0
2700 done
2701 done 0
2702 done 0
2703 done 0
2704 done 0
2705 done 0
2706 done 0
2707 done 0
2708 done 0
2709 done 0
2710 done 0
2711 done 0
2712 done 0
2713 done 0
2714 done 0
2715 done 0
2716 done 0
2717 done 0
2718 done 0
2719 done 0
2720 done 0
2721 done 0
2722 done 0
2723 done 0
2724 done 0
2725 done 0
Traceback (most recent call last):
  File "nikkei_crawler.py", line 219, in <module>
    browserflag = search(browser, keyword)
  File "nikkei_crawler.py", line 73, in search
    elem_inkw.send_keys(keyword[1].replace('#',''))
  File "/Library/Frameworks/Python.framework/Versions/3.7/lib/python3.7/site-packages/selenium/webdriver/remote/webelement.py", line 479, in send_keys
    'value': keys_to_typing(value)})
  File "/Library/Frameworks/Python.framework/Versions/3.7/lib/python3.7/site-packages/selenium/webdriver/remote/webelement.py", line 633, in _execute
    return self._parent.execute(command, params)
  File "/Library/Frameworks/Python.framework/Versions/3.7/lib/python3.7/site-packages/selenium/webdriver/remote/webdriver.py", line 321, in execute
    self.error_handler.check_response(response)
  File "/Library/Frameworks/Python.framework/Versions/3.7/lib/python3.7/site-packages/selenium/webdriver/remote/errorhandler.py", line 242, in check_response
    raise exception_class(message, screen, stacktrace)
selenium.common.exceptions.ElementNotInteractableException: Message: element not interactable
  (Session info: chrome=78.0.3904.70)

shanqikaideMacBook-Pro:trending_crawler Venitas$ python3 nikkei_crawler.py
nikkei_crawler.py:39: DeprecationWarning: use driver.switch_to.window instead
  browser.switch_to_window(browser.window_handles[1])
2726 done
2727 done 0
2728 done 0
2729 done 0
2730 done 0
2731 done 0
2732 done 0
2733 done 0
2734 done 0
2735 done 0
2736 done 0
2737 done 0
2738 done 0
2739 done 0
2740 done 0
2741 done 0
2742 done 0
2743 done 0
2744 done
2745 done 0
2746 done 0
2747 done 0
2748 done 0
2749 done
2750 done
2751 done 0
2752 done 0
2753 done 0
2754 done 0
2755 done 0
2756 done
2757 done 0
2758 done 0
2759 done
2760 done
2761 done 0
2762 done 0
2763 done 0
2764 done 0
2765 done
2766 done 0
2767 done 0
2768 done 0
2769 done 0
Traceback (most recent call last):
  File "nikkei_crawler.py", line 219, in <module>
    browserflag = search(browser, keyword)
  File "nikkei_crawler.py", line 73, in search
    elem_inkw.send_keys(keyword[1].replace('#',''))
  File "/Library/Frameworks/Python.framework/Versions/3.7/lib/python3.7/site-packages/selenium/webdriver/remote/webelement.py", line 479, in send_keys
    'value': keys_to_typing(value)})
  File "/Library/Frameworks/Python.framework/Versions/3.7/lib/python3.7/site-packages/selenium/webdriver/remote/webelement.py", line 633, in _execute
    return self._parent.execute(command, params)
  File "/Library/Frameworks/Python.framework/Versions/3.7/lib/python3.7/site-packages/selenium/webdriver/remote/webdriver.py", line 321, in execute
    self.error_handler.check_response(response)
  File "/Library/Frameworks/Python.framework/Versions/3.7/lib/python3.7/site-packages/selenium/webdriver/remote/errorhandler.py", line 242, in check_response
    raise exception_class(message, screen, stacktrace)
selenium.common.exceptions.ElementNotInteractableException: Message: element not interactable
  (Session info: chrome=78.0.3904.70)

shanqikaideMacBook-Pro:trending_crawler Venitas$ python3 nikkei_crawler.py
nikkei_crawler.py:39: DeprecationWarning: use driver.switch_to.window instead
  browser.switch_to_window(browser.window_handles[1])
2770 done
2771 done 0
2772 done
2773 done 0
2774 done 0
2775 done 0
2776 done 0
2777 done
2778 done 0
2779 done 0
2780 done
2781 done 0
2782 done
2783 done 0
2784 done 0
2785 done 0
2786 done 0
2787 done 0
2788 done 0
2789 done 0
2790 done 0
2791 done 0
2792 done 0
2793 done 0
2794 done
2795 done
2796 done 0
2797 done 0
2798 done 0
2799 done
2800 done 0
2801 done 0
2802 done 0
2803 done
2804 done 0
2805 done 0
2806 done 0
2807 done 0
2808 done 0
2809 done 0
Traceback (most recent call last):
  File "nikkei_crawler.py", line 219, in <module>
    browserflag = search(browser, keyword)
  File "nikkei_crawler.py", line 73, in search
    elem_inkw.send_keys(keyword[1].replace('#',''))
  File "/Library/Frameworks/Python.framework/Versions/3.7/lib/python3.7/site-packages/selenium/webdriver/remote/webelement.py", line 479, in send_keys
    'value': keys_to_typing(value)})
  File "/Library/Frameworks/Python.framework/Versions/3.7/lib/python3.7/site-packages/selenium/webdriver/remote/webelement.py", line 633, in _execute
    return self._parent.execute(command, params)
  File "/Library/Frameworks/Python.framework/Versions/3.7/lib/python3.7/site-packages/selenium/webdriver/remote/webdriver.py", line 321, in execute
    self.error_handler.check_response(response)
  File "/Library/Frameworks/Python.framework/Versions/3.7/lib/python3.7/site-packages/selenium/webdriver/remote/errorhandler.py", line 242, in check_response
    raise exception_class(message, screen, stacktrace)
selenium.common.exceptions.ElementNotInteractableException: Message: element not interactable
  (Session info: chrome=78.0.3904.70)

shanqikaideMacBook-Pro:trending_crawler Venitas$ python3 nikkei_crawler.py
nikkei_crawler.py:39: DeprecationWarning: use driver.switch_to.window instead
  browser.switch_to_window(browser.window_handles[1])
2810 done 0
2811 done 0
2812 done 0
2813 done 0
2814 done 0
2815 done
2816 done 0
2817 done 0
2818 done 0
2819 done 0
2820 done 0
2821 done 0
2822 done 0
2823 done 0
2824 done 0
2825 done 0
2826 done 0
2827 done 0
2828 done 0
2829 done 0
2830 done 0
2831 done 0
2832 done 0
2833 done 0
2834 done 0
2835 done 0
2836 done 0
2837 done 0
2838 done 0
2839 done 0
2840 done 0
2841 done 0
2842 done 0
2843 done 0
2844 done
Traceback (most recent call last):
  File "nikkei_crawler.py", line 219, in <module>
    browserflag = search(browser, keyword)
  File "nikkei_crawler.py", line 73, in search
    elem_inkw.send_keys(keyword[1].replace('#',''))
  File "/Library/Frameworks/Python.framework/Versions/3.7/lib/python3.7/site-packages/selenium/webdriver/remote/webelement.py", line 479, in send_keys
    'value': keys_to_typing(value)})
  File "/Library/Frameworks/Python.framework/Versions/3.7/lib/python3.7/site-packages/selenium/webdriver/remote/webelement.py", line 633, in _execute
    return self._parent.execute(command, params)
  File "/Library/Frameworks/Python.framework/Versions/3.7/lib/python3.7/site-packages/selenium/webdriver/remote/webdriver.py", line 321, in execute
    self.error_handler.check_response(response)
  File "/Library/Frameworks/Python.framework/Versions/3.7/lib/python3.7/site-packages/selenium/webdriver/remote/errorhandler.py", line 242, in check_response
    raise exception_class(message, screen, stacktrace)
selenium.common.exceptions.ElementNotInteractableException: Message: element not interactable
  (Session info: chrome=78.0.3904.70)

shanqikaideMacBook-Pro:trending_crawler Venitas$ python3 nikkei_crawler.py
nikkei_crawler.py:39: DeprecationWarning: use driver.switch_to.window instead
  browser.switch_to_window(browser.window_handles[1])
2845 done 0
2846 done 0
2847 done 0
2848 done 0
2849 done 0
2850 done 0
2851 done 0
2852 done
2853 done
2854 done 0
2855 done 0
2856 done 0
2857 done 0
2858 done 0
2859 done 0
2860 done 0
2861 done 0
2862 done 0
2863 done 0
2864 done 0
2865 done 0
2866 done 0
2867 done 0
2868 done 0
2869 done 0
2870 done 0
2871 done 0
2872 done 0
2873 done 0
2874 done 0
2875 done 0
2876 done 0
2877 done 0
2878 done 0
2879 done 0
2880 done 0
2881 done 0
2882 done 0
2883 done 0
2884 done 0
2885 done 0
2886 done 0
2887 done 0
2888 done 0
2889 done 0
2890 done 0
2891 done 0
2892 done 0
2893 done 0
2894 done
2895 done 0
2896 done 0
2897 done 0
2898 done 0
2899 done 0
2900 done
2901 done 0
2902 done 0
2903 done
2904 done 0
2905 done 0
2906 done 0
2907 done 0
2908 done 0
2909 done 0
2910 done 0
2911 done 0
2912 done 0
2913 done 0
2914 done 0
2915 done 0
2916 done 0
2917 done 0
2918 done 0
2919 done 0
2920 done 0
2921 done 0
Traceback (most recent call last):
  File "nikkei_crawler.py", line 219, in <module>
    browserflag = search(browser, keyword)
  File "nikkei_crawler.py", line 97, in search
    browser.find_element_by_xpath('//*[@id="contentsPanel"]/div[2]/form/div[2]/button').click()
  File "/Library/Frameworks/Python.framework/Versions/3.7/lib/python3.7/site-packages/selenium/webdriver/remote/webelement.py", line 80, in click
    self._execute(Command.CLICK_ELEMENT)
  File "/Library/Frameworks/Python.framework/Versions/3.7/lib/python3.7/site-packages/selenium/webdriver/remote/webelement.py", line 633, in _execute
    return self._parent.execute(command, params)
  File "/Library/Frameworks/Python.framework/Versions/3.7/lib/python3.7/site-packages/selenium/webdriver/remote/webdriver.py", line 321, in execute
    self.error_handler.check_response(response)
  File "/Library/Frameworks/Python.framework/Versions/3.7/lib/python3.7/site-packages/selenium/webdriver/remote/errorhandler.py", line 242, in check_response
    raise exception_class(message, screen, stacktrace)
selenium.common.exceptions.ElementClickInterceptedException: Message: element click intercepted: Element <button name="listUp" class="nk-pn-info-listup" disabled=""></button> is not clickable at point (678, 53). Other element would receive the click: <div class="nk-lock-screen" id="nkoverlay_prevent_doublesend" style="display: block; height: 100%;"></div>
  (Session info: chrome=78.0.3904.70)

shanqikaideMacBook-Pro:trending_crawler Venitas$ python3 nikkei_crawler.py
nikkei_crawler.py:39: DeprecationWarning: use driver.switch_to.window instead
  browser.switch_to_window(browser.window_handles[1])
2922 done 0
2923 done 0
2924 done 0
2925 done 0
2926 done 0
2927 done 0
2928 done 0
2929 done 0
2930 done 0
2931 done 0
2932 done 0
2933 done 0
2934 done 0
2935 done 0
2936 done 0
2937 done 0
2938 done 0
2939 done 0
2940 done 0
2941 done 0
2942 done 0
2943 done 0
2944 done
2945 done 0
2946 done 0
2947 done 0
2948 done 0
2949 done 0
2950 done 0
2951 done 0
2952 done 0
2953 done 0
2954 done 0
2955 done 0
2956 done 0
2957 done 0
2958 done 0
2959 done 0
2960 done 0
2961 done 0
2962 done 0
2963 done 0
2964 done 0
2965 done 0
2966 done 0
2967 done 0
2968 done 0
2969 done 0
2970 done 0
2971 done 0
2972 done 0
2973 done 0
2974 done 0
2975 done 0
2976 done 0
2977 done 0
2978 done 0
2979 done 0
2980 done 0
2981 done 0
2982 done 0
2983 done 0
2984 done 0
2985 done 0
2986 done 0
2987 done 0
2988 done 0
2989 done 0
Traceback (most recent call last):
  File "nikkei_crawler.py", line 219, in <module>
    browserflag = search(browser, keyword)
  File "nikkei_crawler.py", line 97, in search
    browser.find_element_by_xpath('//*[@id="contentsPanel"]/div[2]/form/div[2]/button').click()
  File "/Library/Frameworks/Python.framework/Versions/3.7/lib/python3.7/site-packages/selenium/webdriver/remote/webelement.py", line 80, in click
    self._execute(Command.CLICK_ELEMENT)
  File "/Library/Frameworks/Python.framework/Versions/3.7/lib/python3.7/site-packages/selenium/webdriver/remote/webelement.py", line 633, in _execute
    return self._parent.execute(command, params)
  File "/Library/Frameworks/Python.framework/Versions/3.7/lib/python3.7/site-packages/selenium/webdriver/remote/webdriver.py", line 321, in execute
    self.error_handler.check_response(response)
  File "/Library/Frameworks/Python.framework/Versions/3.7/lib/python3.7/site-packages/selenium/webdriver/remote/errorhandler.py", line 242, in check_response
    raise exception_class(message, screen, stacktrace)
selenium.common.exceptions.ElementNotInteractableException: Message: element not interactable
  (Session info: chrome=78.0.3904.70)

shanqikaideMacBook-Pro:trending_crawler Venitas$ python3 nikkei_crawler.py
nikkei_crawler.py:39: DeprecationWarning: use driver.switch_to.window instead
  browser.switch_to_window(browser.window_handles[1])
2990 done 0
2991 done 0
2992 done 0
2993 done 0
2994 done 0
2995 done
2996 done 0
2997 done 0
2998 done 0
2999 done 0
3000 done 0
3001 done 0
3002 done 0
3003 done 0
3004 done 0
Traceback (most recent call last):
  File "nikkei_crawler.py", line 219, in <module>
    browserflag = search(browser, keyword)
  File "nikkei_crawler.py", line 73, in search
    elem_inkw.send_keys(keyword[1].replace('#',''))
  File "/Library/Frameworks/Python.framework/Versions/3.7/lib/python3.7/site-packages/selenium/webdriver/remote/webelement.py", line 479, in send_keys
    'value': keys_to_typing(value)})
  File "/Library/Frameworks/Python.framework/Versions/3.7/lib/python3.7/site-packages/selenium/webdriver/remote/webelement.py", line 633, in _execute
    return self._parent.execute(command, params)
  File "/Library/Frameworks/Python.framework/Versions/3.7/lib/python3.7/site-packages/selenium/webdriver/remote/webdriver.py", line 321, in execute
    self.error_handler.check_response(response)
  File "/Library/Frameworks/Python.framework/Versions/3.7/lib/python3.7/site-packages/selenium/webdriver/remote/errorhandler.py", line 242, in check_response
    raise exception_class(message, screen, stacktrace)
selenium.common.exceptions.ElementNotInteractableException: Message: element not interactable
  (Session info: chrome=78.0.3904.70)

shanqikaideMacBook-Pro:trending_crawler Venitas$ python3 nikkei_crawler.py
nikkei_crawler.py:39: DeprecationWarning: use driver.switch_to.window instead
  browser.switch_to_window(browser.window_handles[1])
Traceback (most recent call last):
  File "nikkei_crawler.py", line 216, in <module>
    browser = getpage(browser)
  File "nikkei_crawler.py", line 41, in getpage
    browser.find_element_by_xpath('//*[@id="nk-mainmenu"]/div/div[1]/div/ul/li[2]/p').click()
  File "/Library/Frameworks/Python.framework/Versions/3.7/lib/python3.7/site-packages/selenium/webdriver/remote/webdriver.py", line 394, in find_element_by_xpath
    return self.find_element(by=By.XPATH, value=xpath)
  File "/Library/Frameworks/Python.framework/Versions/3.7/lib/python3.7/site-packages/selenium/webdriver/remote/webdriver.py", line 978, in find_element
    'value': value})['value']
  File "/Library/Frameworks/Python.framework/Versions/3.7/lib/python3.7/site-packages/selenium/webdriver/remote/webdriver.py", line 321, in execute
    self.error_handler.check_response(response)
  File "/Library/Frameworks/Python.framework/Versions/3.7/lib/python3.7/site-packages/selenium/webdriver/remote/errorhandler.py", line 242, in check_response
    raise exception_class(message, screen, stacktrace)
selenium.common.exceptions.NoSuchElementException: Message: no such element: Unable to locate element: {"method":"xpath","selector":"//*[@id="nk-mainmenu"]/div/div[1]/div/ul/li[2]/p"}
  (Session info: chrome=78.0.3904.70)

shanqikaideMacBook-Pro:trending_crawler Venitas$ python3 nikkei_crawler.py
nikkei_crawler.py:39: DeprecationWarning: use driver.switch_to.window instead
  browser.switch_to_window(browser.window_handles[1])
2990 done 0
2991 done 0
2992 done 0
2993 done 0
2994 done 0
2995 done
2996 done 0
2997 done 0
2998 done 0
2999 done 0
3000 done 0
3001 done 0
3002 done 0
3003 done 0
3004 done 0
3005 done 0
3006 done 0
3007 done
3008 done 0
3009 done 0
3010 done 0
3011 done 0
3012 done 0
3013 done 0
3014 done 0
3015 done 0
3016 done 0
3017 done 0
3018 done 0
3019 done 0
3020 done 0
3021 done 0
3022 done 0
3023 done
3024 done 0
3025 done 0
3026 done 0
3027 done 0
3028 done 0
3029 done 0
3030 done 0
3031 done 0
3032 done
3033 done 0
3034 done 0
3035 done
Traceback (most recent call last):
  File "nikkei_crawler.py", line 219, in <module>
    browserflag = search(browser, keyword)
  File "nikkei_crawler.py", line 73, in search
    elem_inkw.send_keys(keyword[1].replace('#',''))
  File "/Library/Frameworks/Python.framework/Versions/3.7/lib/python3.7/site-packages/selenium/webdriver/remote/webelement.py", line 479, in send_keys
    'value': keys_to_typing(value)})
  File "/Library/Frameworks/Python.framework/Versions/3.7/lib/python3.7/site-packages/selenium/webdriver/remote/webelement.py", line 633, in _execute
    return self._parent.execute(command, params)
  File "/Library/Frameworks/Python.framework/Versions/3.7/lib/python3.7/site-packages/selenium/webdriver/remote/webdriver.py", line 321, in execute
    self.error_handler.check_response(response)
  File "/Library/Frameworks/Python.framework/Versions/3.7/lib/python3.7/site-packages/selenium/webdriver/remote/errorhandler.py", line 242, in check_response
    raise exception_class(message, screen, stacktrace)
selenium.common.exceptions.ElementNotInteractableException: Message: element not interactable
  (Session info: chrome=78.0.3904.70)

shanqikaideMacBook-Pro:trending_crawler Venitas$ python3 nikkei_crawler.py
nikkei_crawler.py:39: DeprecationWarning: use driver.switch_to.window instead
  browser.switch_to_window(browser.window_handles[1])
3036 done 0
3037 done 0
3038 done
3039 done 0
3040 done 0
3041 done 0
3042 done 0
3043 done 0
3044 done 0
3045 done
3046 done 0
3047 done 0
3048 done 0
3049 done 0
3050 done 0
3051 done 0
3052 done 0
3053 done 0
3054 done 0
3055 table_insert error
3056 done 0
3057 done 0
3058 done 0
3059 done 0
3060 done 0
3061 done 0
3062 done 0
3063 done 0
3064 done 0
3065 done 0
3066 done 0
3067 done 0
3068 table_insert error
3069 done 0
3070 done
3071 done 0
3072 done 0
3073 done 0
3074 done 0
3075 done 0
3076 done 0
3077 done 0
3078 done 0
3079 done
3080 done 0
3081 done 0
3082 done 0
3083 done 0
3084 done 0
3085 done 0
3086 done 0
3087 done 0
3088 done
3089 done 0
3090 done 0
3091 done 0
3092 done 0
3093 done 0
3094 done 0
3095 done
3096 done 0
3097 done 0
3098 done 0
3099 done 0
3100 done 0
shanqikaideMacBook-Pro:trending_crawler Venitas$ 
